This file contains any messages produced by compilers while
running configure, to aid debugging if configure makes a mistake.

It was created by SRx configure 0.6.2.1, which was
generated by GNU Autoconf 2.69.  Invocation command line was

  $ ./configure --prefix=/home/nils/Dokumente/ASPA/NIST-BGP-SRx/local-6.3.3 sca_dir=/home/nils/Dokumente/ASPA/NIST-BGP-SRx/local-6.3.3 CFLAGS=-O0 -g

## --------- ##
## Platform. ##
## --------- ##

hostname = nils-VirtualBox
uname -m = x86_64
uname -r = 5.15.0-139-generic
uname -s = Linux
uname -v = #149~20.04.1-Ubuntu SMP Wed Apr 16 08:29:56 UTC 2025

/usr/bin/uname -p = x86_64
/bin/uname -X     = unknown

/bin/arch              = x86_64
/usr/bin/arch -k       = unknown
/usr/convex/getsysinfo = unknown
/usr/bin/hostinfo      = unknown
/bin/machine           = unknown
/usr/bin/oslevel       = unknown
/bin/universe          = unknown

PATH: /usr/local/sbin
PATH: /usr/local/bin
PATH: /usr/sbin
PATH: /usr/bin
PATH: /sbin
PATH: /bin
PATH: /snap/bin


## ----------- ##
## Core tests. ##
## ----------- ##

configure:2179: checking for a BSD-compatible install
configure:2247: result: /usr/bin/install -c
configure:2258: checking whether build environment is sane
configure:2313: result: yes
configure:2462: checking for a thread-safe mkdir -p
configure:2501: result: /usr/bin/mkdir -p
configure:2508: checking for gawk
configure:2538: result: no
configure:2508: checking for mawk
configure:2524: found /usr/bin/mawk
configure:2535: result: mawk
configure:2546: checking whether make sets $(MAKE)
configure:2568: result: yes
configure:2597: checking whether make supports nested variables
configure:2614: result: yes
configure:2740: checking whether make sets $(MAKE)
configure:2762: result: yes
configure:2773: checking for patch
configure:2789: found /usr/bin/patch
configure:2801: result: yes
configure:2847: checking build system type
configure:2861: result: x86_64-pc-linux-gnu
configure:2881: checking host system type
configure:2894: result: x86_64-pc-linux-gnu
configure:2935: checking how to print strings
configure:2962: result: printf
configure:2987: checking whether make supports the include directive
configure:3002: make -f confmf.GNU && cat confinc.out
this is the am__doit target
configure:3005: $? = 0
configure:3024: result: yes (GNU style)
configure:3094: checking for gcc
configure:3110: found /usr/bin/gcc
configure:3121: result: gcc
configure:3350: checking for C compiler version
configure:3359: gcc --version >&5
gcc (Ubuntu 9.4.0-1ubuntu1~20.04.2) 9.4.0
Copyright (C) 2019 Free Software Foundation, Inc.
This is free software; see the source for copying conditions.  There is NO
warranty; not even for MERCHANTABILITY or FITNESS FOR A PARTICULAR PURPOSE.

configure:3370: $? = 0
configure:3359: gcc -v >&5
Using built-in specs.
COLLECT_GCC=gcc
COLLECT_LTO_WRAPPER=/usr/lib/gcc/x86_64-linux-gnu/9/lto-wrapper
OFFLOAD_TARGET_NAMES=nvptx-none:hsa
OFFLOAD_TARGET_DEFAULT=1
Target: x86_64-linux-gnu
Configured with: ../src/configure -v --with-pkgversion='Ubuntu 9.4.0-1ubuntu1~20.04.2' --with-bugurl=file:///usr/share/doc/gcc-9/README.Bugs --enable-languages=c,ada,c++,go,brig,d,fortran,objc,obj-c++,gm2 --prefix=/usr --with-gcc-major-version-only --program-suffix=-9 --program-prefix=x86_64-linux-gnu- --enable-shared --enable-linker-build-id --libexecdir=/usr/lib --without-included-gettext --enable-threads=posix --libdir=/usr/lib --enable-nls --enable-clocale=gnu --enable-libstdcxx-debug --enable-libstdcxx-time=yes --with-default-libstdcxx-abi=new --enable-gnu-unique-object --disable-vtable-verify --enable-plugin --enable-default-pie --with-system-zlib --with-target-system-zlib=auto --enable-objc-gc=auto --enable-multiarch --disable-werror --with-arch-32=i686 --with-abi=m64 --with-multilib-list=m32,m64,mx32 --enable-multilib --with-tune=generic --enable-offload-targets=nvptx-none=/build/gcc-9-9QDOt0/gcc-9-9.4.0/debian/tmp-nvptx/usr,hsa --without-cuda-driver --enable-checking=release --build=x86_64-linux-gnu --host=x86_64-linux-gnu --target=x86_64-linux-gnu
Thread model: posix
gcc version 9.4.0 (Ubuntu 9.4.0-1ubuntu1~20.04.2) 
configure:3370: $? = 0
configure:3359: gcc -V >&5
gcc: error: unrecognized command line option '-V'
gcc: fatal error: no input files
compilation terminated.
configure:3370: $? = 1
configure:3359: gcc -qversion >&5
gcc: error: unrecognized command line option '-qversion'; did you mean '--version'?
gcc: fatal error: no input files
compilation terminated.
configure:3370: $? = 1
configure:3390: checking whether the C compiler works
configure:3412: gcc -O0 -g   conftest.c  >&5
configure:3416: $? = 0
configure:3464: result: yes
configure:3467: checking for C compiler default output file name
configure:3469: result: a.out
configure:3475: checking for suffix of executables
configure:3482: gcc -o conftest -O0 -g   conftest.c  >&5
configure:3486: $? = 0
configure:3508: result: 
configure:3530: checking whether we are cross compiling
configure:3538: gcc -o conftest -O0 -g   conftest.c  >&5
configure:3542: $? = 0
configure:3549: ./conftest
configure:3553: $? = 0
configure:3541: result: no
configure:3546: checking for suffix of object files
configure:3568: gcc -c -O0 -g  conftest.c >&5
configure:3572: $? = 0
configure:3593: result: o
configure:3597: checking whether we are using the GNU C compiler
configure:3616: gcc -c -O0 -g  conftest.c >&5
configure:3616: $? = 0
configure:3625: result: yes
configure:3634: checking whether gcc accepts -g
configure:3654: gcc -c -g  conftest.c >&5
configure:3654: $? = 0
configure:3695: result: yes
configure:3712: checking for gcc option to accept ISO C89
configure:3775: gcc  -c -O0 -g  conftest.c >&5
configure:3775: $? = 0
configure:3788: result: none needed
configure:3813: checking whether gcc understands -c and -o together
configure:3835: gcc -c conftest.c -o conftest2.o
configure:3838: $? = 0
configure:3835: gcc -c conftest.c -o conftest2.o
configure:3838: $? = 0
configure:3850: result: yes
configure:3869: checking dependency style of gcc
configure:3980: result: none
configure:3995: checking for a sed that does not truncate output
configure:4059: result: /usr/bin/sed
configure:4077: checking for grep that handles long lines and -e
configure:4135: result: /usr/bin/grep
configure:4140: checking for egrep
configure:4202: result: /usr/bin/grep -E
configure:4207: checking for fgrep
configure:4269: result: /usr/bin/grep -F
configure:4304: checking for ld used by gcc
configure:4371: result: /usr/bin/ld
configure:4378: checking if the linker (/usr/bin/ld) is GNU ld
configure:4393: result: yes
configure:4405: checking for BSD- or MS-compatible name lister (nm)
configure:4459: result: /usr/bin/nm -B
configure:4589: checking the name lister (/usr/bin/nm -B) interface
configure:4596: gcc -c -O0 -g  conftest.c >&5
configure:4599: /usr/bin/nm -B "conftest.o"
configure:4602: output
0000000000000000 B some_variable
configure:4603: result: BSD nm
configure:4606: checking whether ln -s works
configure:4610: result: yes
configure:4618: checking the maximum length of command line arguments
configure:4749: result: 1572864
configure:4797: checking how to convert x86_64-pc-linux-gnu file names to x86_64-pc-linux-gnu format
configure:4837: result: func_convert_file_noop
configure:4844: checking how to convert x86_64-pc-linux-gnu file names to toolchain format
configure:4864: result: func_convert_file_noop
configure:4871: checking for /usr/bin/ld option to reload object files
configure:4878: result: -r
configure:4952: checking for file
configure:4968: found /usr/bin/file
configure:4979: result: file
configure:5050: checking for objdump
configure:5066: found /usr/bin/objdump
configure:5077: result: objdump
configure:5109: checking how to recognize dependent libraries
configure:5309: result: pass_all
configure:5394: checking for dlltool
configure:5424: result: no
configure:5454: checking how to associate runtime and link libraries
configure:5481: result: printf %s\n
configure:5542: checking for ar
configure:5558: found /usr/bin/ar
configure:5569: result: ar
configure:5622: checking for archiver @FILE support
configure:5639: gcc -c -O0 -g  conftest.c >&5
configure:5639: $? = 0
configure:5642: ar cr libconftest.a @conftest.lst >&5
configure:5645: $? = 0
configure:5650: ar cr libconftest.a @conftest.lst >&5
ar: conftest.o: No such file or directory
configure:5653: $? = 1
configure:5652: result: @
configure:5710: checking for strip
configure:5726: found /usr/bin/strip
configure:5737: result: strip
configure:5809: checking for ranlib
configure:5825: found /usr/bin/ranlib
configure:5836: result: ranlib
configure:5938: checking command to parse /usr/bin/nm -B output from gcc object
configure:6091: gcc -c -O0 -g  conftest.c >&5
configure:6094: $? = 0
configure:6098: /usr/bin/nm -B conftest.o | /usr/bin/sed -n -e 's/^.*[	 ]\([ABCDGIRSTW][ABCDGIRSTW]*\)[	 ][	 ]*\([_A-Za-z][_A-Za-z0-9]*\)$/\1 \2 \2/p' | /usr/bin/sed '/ __gnu_lto/d' > conftest.nm
configure:6164: gcc -o conftest -O0 -g   conftest.c conftstm.o >&5
configure:6167: $? = 0
configure:6205: result: ok
configure:6252: checking for sysroot
configure:6282: result: no
configure:6289: checking for a working dd
configure:6327: result: /usr/bin/dd
configure:6331: checking how to truncate binary pipes
configure:6346: result: /usr/bin/dd bs=4096 count=1
configure:6482: gcc -c -O0 -g  conftest.c >&5
configure:6485: $? = 0
configure:6675: checking for mt
configure:6691: found /usr/bin/mt
configure:6702: result: mt
configure:6725: checking if mt is a manifest tool
configure:6731: mt '-?'
configure:6739: result: no
configure:7411: checking how to run the C preprocessor
configure:7442: gcc -E  conftest.c
configure:7442: $? = 0
configure:7456: gcc -E  conftest.c
conftest.c:11:10: fatal error: ac_nonexistent.h: No such file or directory
   11 | #include <ac_nonexistent.h>
      |          ^~~~~~~~~~~~~~~~~~
compilation terminated.
configure:7456: $? = 1
configure: failed program was:
| /* confdefs.h */
| #define PACKAGE_NAME "SRx"
| #define PACKAGE_TARNAME "srx"
| #define PACKAGE_VERSION "0.6.2.1"
| #define PACKAGE_STRING "SRx 0.6.2.1"
| #define PACKAGE_BUGREPORT "itrg-contact@list.nist.gov"
| #define PACKAGE_URL "https://www.nist.gov/services-resources/software/bgp-secure-routing-extension-bgp-srx-prototype"
| #define PACKAGE "srx"
| #define VERSION "0.6.2.1"
| /* end confdefs.h.  */
| #include <ac_nonexistent.h>
configure:7481: result: gcc -E
configure:7501: gcc -E  conftest.c
configure:7501: $? = 0
configure:7515: gcc -E  conftest.c
conftest.c:11:10: fatal error: ac_nonexistent.h: No such file or directory
   11 | #include <ac_nonexistent.h>
      |          ^~~~~~~~~~~~~~~~~~
compilation terminated.
configure:7515: $? = 1
configure: failed program was:
| /* confdefs.h */
| #define PACKAGE_NAME "SRx"
| #define PACKAGE_TARNAME "srx"
| #define PACKAGE_VERSION "0.6.2.1"
| #define PACKAGE_STRING "SRx 0.6.2.1"
| #define PACKAGE_BUGREPORT "itrg-contact@list.nist.gov"
| #define PACKAGE_URL "https://www.nist.gov/services-resources/software/bgp-secure-routing-extension-bgp-srx-prototype"
| #define PACKAGE "srx"
| #define VERSION "0.6.2.1"
| /* end confdefs.h.  */
| #include <ac_nonexistent.h>
configure:7544: checking for ANSI C header files
configure:7564: gcc -c -O0 -g  conftest.c >&5
configure:7564: $? = 0
configure:7637: gcc -o conftest -O0 -g   conftest.c  >&5
configure:7637: $? = 0
configure:7637: ./conftest
configure:7637: $? = 0
configure:7648: result: yes
configure:7661: checking for sys/types.h
configure:7661: gcc -c -O0 -g  conftest.c >&5
configure:7661: $? = 0
configure:7661: result: yes
configure:7661: checking for sys/stat.h
configure:7661: gcc -c -O0 -g  conftest.c >&5
configure:7661: $? = 0
configure:7661: result: yes
configure:7661: checking for stdlib.h
configure:7661: gcc -c -O0 -g  conftest.c >&5
configure:7661: $? = 0
configure:7661: result: yes
configure:7661: checking for string.h
configure:7661: gcc -c -O0 -g  conftest.c >&5
configure:7661: $? = 0
configure:7661: result: yes
configure:7661: checking for memory.h
configure:7661: gcc -c -O0 -g  conftest.c >&5
configure:7661: $? = 0
configure:7661: result: yes
configure:7661: checking for strings.h
configure:7661: gcc -c -O0 -g  conftest.c >&5
configure:7661: $? = 0
configure:7661: result: yes
configure:7661: checking for inttypes.h
configure:7661: gcc -c -O0 -g  conftest.c >&5
configure:7661: $? = 0
configure:7661: result: yes
configure:7661: checking for stdint.h
configure:7661: gcc -c -O0 -g  conftest.c >&5
configure:7661: $? = 0
configure:7661: result: yes
configure:7661: checking for unistd.h
configure:7661: gcc -c -O0 -g  conftest.c >&5
configure:7661: $? = 0
configure:7661: result: yes
configure:7675: checking for dlfcn.h
configure:7675: gcc -c -O0 -g  conftest.c >&5
configure:7675: $? = 0
configure:7675: result: yes
configure:7930: checking for objdir
configure:7945: result: .libs
configure:8209: checking if gcc supports -fno-rtti -fno-exceptions
configure:8227: gcc -c -O0 -g  -fno-rtti -fno-exceptions conftest.c >&5
cc1: warning: command line option '-fno-rtti' is valid for C++/D/ObjC++ but not for C
configure:8231: $? = 0
configure:8244: result: no
configure:8608: checking for gcc option to produce PIC
configure:8615: result: -fPIC -DPIC
configure:8623: checking if gcc PIC flag -fPIC -DPIC works
configure:8641: gcc -c -O0 -g  -fPIC -DPIC -DPIC conftest.c >&5
configure:8645: $? = 0
configure:8658: result: yes
configure:8687: checking if gcc static flag -static works
configure:8715: result: yes
configure:8730: checking if gcc supports -c -o file.o
configure:8751: gcc -c -O0 -g  -o out/conftest2.o conftest.c >&5
configure:8755: $? = 0
configure:8777: result: yes
configure:8785: checking if gcc supports -c -o file.o
configure:8832: result: yes
configure:8865: checking whether the gcc linker (/usr/bin/ld -m elf_x86_64) supports shared libraries
configure:10132: result: yes
configure:10169: checking whether -lc should be explicitly linked in
configure:10177: gcc -c -O0 -g  conftest.c >&5
configure:10180: $? = 0
configure:10195: gcc -shared  -fPIC -DPIC conftest.o  -v -Wl,-soname -Wl,conftest -o conftest 2\>\&1 \| /usr/bin/grep  -lc  \>/dev/null 2\>\&1
configure:10198: $? = 0
configure:10212: result: no
configure:10372: checking dynamic linker characteristics
configure:10953: gcc -o conftest -O0 -g   -Wl,-rpath -Wl,/foo conftest.c  >&5
configure:10953: $? = 0
configure:11202: result: GNU/Linux ld.so
configure:11324: checking how to hardcode library paths into programs
configure:11349: result: immediate
configure:11451: checking for shl_load
configure:11451: gcc -o conftest -O0 -g   conftest.c  >&5
/usr/bin/ld: /tmp/ccnK8GqV.o: in function `main':
/home/nils/Dokumente/ASPA/NIST-BGP-SRx/srx-server/conftest.c:57: undefined reference to `shl_load'
collect2: error: ld returned 1 exit status
configure:11451: $? = 1
configure: failed program was:
| /* confdefs.h */
| #define PACKAGE_NAME "SRx"
| #define PACKAGE_TARNAME "srx"
| #define PACKAGE_VERSION "0.6.2.1"
| #define PACKAGE_STRING "SRx 0.6.2.1"
| #define PACKAGE_BUGREPORT "itrg-contact@list.nist.gov"
| #define PACKAGE_URL "https://www.nist.gov/services-resources/software/bgp-secure-routing-extension-bgp-srx-prototype"
| #define PACKAGE "srx"
| #define VERSION "0.6.2.1"
| #define STDC_HEADERS 1
| #define HAVE_SYS_TYPES_H 1
| #define HAVE_SYS_STAT_H 1
| #define HAVE_STDLIB_H 1
| #define HAVE_STRING_H 1
| #define HAVE_MEMORY_H 1
| #define HAVE_STRINGS_H 1
| #define HAVE_INTTYPES_H 1
| #define HAVE_STDINT_H 1
| #define HAVE_UNISTD_H 1
| #define HAVE_DLFCN_H 1
| #define LT_OBJDIR ".libs/"
| /* end confdefs.h.  */
| /* Define shl_load to an innocuous variant, in case <limits.h> declares shl_load.
|    For example, HP-UX 11i <limits.h> declares gettimeofday.  */
| #define shl_load innocuous_shl_load
| 
| /* System header to define __stub macros and hopefully few prototypes,
|     which can conflict with char shl_load (); below.
|     Prefer <limits.h> to <assert.h> if __STDC__ is defined, since
|     <limits.h> exists even on freestanding compilers.  */
| 
| #ifdef __STDC__
| # include <limits.h>
| #else
| # include <assert.h>
| #endif
| 
| #undef shl_load
| 
| /* Override any GCC internal prototype to avoid an error.
|    Use char because int might match the return type of a GCC
|    builtin and then its argument prototype would still apply.  */
| #ifdef __cplusplus
| extern "C"
| #endif
| char shl_load ();
| /* The GNU C library defines this for functions which it implements
|     to always fail with ENOSYS.  Some functions are actually named
|     something starting with __ and the normal name is an alias.  */
| #if defined __stub_shl_load || defined __stub___shl_load
| choke me
| #endif
| 
| int
| main ()
| {
| return shl_load ();
|   ;
|   return 0;
| }
configure:11451: result: no
configure:11455: checking for shl_load in -ldld
configure:11480: gcc -o conftest -O0 -g   conftest.c -ldld   >&5
/usr/bin/ld: cannot find -ldld
collect2: error: ld returned 1 exit status
configure:11480: $? = 1
configure: failed program was:
| /* confdefs.h */
| #define PACKAGE_NAME "SRx"
| #define PACKAGE_TARNAME "srx"
| #define PACKAGE_VERSION "0.6.2.1"
| #define PACKAGE_STRING "SRx 0.6.2.1"
| #define PACKAGE_BUGREPORT "itrg-contact@list.nist.gov"
| #define PACKAGE_URL "https://www.nist.gov/services-resources/software/bgp-secure-routing-extension-bgp-srx-prototype"
| #define PACKAGE "srx"
| #define VERSION "0.6.2.1"
| #define STDC_HEADERS 1
| #define HAVE_SYS_TYPES_H 1
| #define HAVE_SYS_STAT_H 1
| #define HAVE_STDLIB_H 1
| #define HAVE_STRING_H 1
| #define HAVE_MEMORY_H 1
| #define HAVE_STRINGS_H 1
| #define HAVE_INTTYPES_H 1
| #define HAVE_STDINT_H 1
| #define HAVE_UNISTD_H 1
| #define HAVE_DLFCN_H 1
| #define LT_OBJDIR ".libs/"
| /* end confdefs.h.  */
| 
| /* Override any GCC internal prototype to avoid an error.
|    Use char because int might match the return type of a GCC
|    builtin and then its argument prototype would still apply.  */
| #ifdef __cplusplus
| extern "C"
| #endif
| char shl_load ();
| int
| main ()
| {
| return shl_load ();
|   ;
|   return 0;
| }
configure:11489: result: no
configure:11494: checking for dlopen
configure:11494: gcc -o conftest -O0 -g   conftest.c  >&5
/usr/bin/ld: /tmp/cc66xGb4.o: in function `main':
/home/nils/Dokumente/ASPA/NIST-BGP-SRx/srx-server/conftest.c:57: undefined reference to `dlopen'
collect2: error: ld returned 1 exit status
configure:11494: $? = 1
configure: failed program was:
| /* confdefs.h */
| #define PACKAGE_NAME "SRx"
| #define PACKAGE_TARNAME "srx"
| #define PACKAGE_VERSION "0.6.2.1"
| #define PACKAGE_STRING "SRx 0.6.2.1"
| #define PACKAGE_BUGREPORT "itrg-contact@list.nist.gov"
| #define PACKAGE_URL "https://www.nist.gov/services-resources/software/bgp-secure-routing-extension-bgp-srx-prototype"
| #define PACKAGE "srx"
| #define VERSION "0.6.2.1"
| #define STDC_HEADERS 1
| #define HAVE_SYS_TYPES_H 1
| #define HAVE_SYS_STAT_H 1
| #define HAVE_STDLIB_H 1
| #define HAVE_STRING_H 1
| #define HAVE_MEMORY_H 1
| #define HAVE_STRINGS_H 1
| #define HAVE_INTTYPES_H 1
| #define HAVE_STDINT_H 1
| #define HAVE_UNISTD_H 1
| #define HAVE_DLFCN_H 1
| #define LT_OBJDIR ".libs/"
| /* end confdefs.h.  */
| /* Define dlopen to an innocuous variant, in case <limits.h> declares dlopen.
|    For example, HP-UX 11i <limits.h> declares gettimeofday.  */
| #define dlopen innocuous_dlopen
| 
| /* System header to define __stub macros and hopefully few prototypes,
|     which can conflict with char dlopen (); below.
|     Prefer <limits.h> to <assert.h> if __STDC__ is defined, since
|     <limits.h> exists even on freestanding compilers.  */
| 
| #ifdef __STDC__
| # include <limits.h>
| #else
| # include <assert.h>
| #endif
| 
| #undef dlopen
| 
| /* Override any GCC internal prototype to avoid an error.
|    Use char because int might match the return type of a GCC
|    builtin and then its argument prototype would still apply.  */
| #ifdef __cplusplus
| extern "C"
| #endif
| char dlopen ();
| /* The GNU C library defines this for functions which it implements
|     to always fail with ENOSYS.  Some functions are actually named
|     something starting with __ and the normal name is an alias.  */
| #if defined __stub_dlopen || defined __stub___dlopen
| choke me
| #endif
| 
| int
| main ()
| {
| return dlopen ();
|   ;
|   return 0;
| }
configure:11494: result: no
configure:11498: checking for dlopen in -ldl
configure:11523: gcc -o conftest -O0 -g   conftest.c -ldl   >&5
configure:11523: $? = 0
configure:11532: result: yes
configure:11651: checking whether a program can dlopen itself
configure:11731: gcc -o conftest -O0 -g  -DHAVE_DLFCN_H  -Wl,--export-dynamic conftest.c -ldl  >&5
configure:11734: $? = 0
configure:11752: result: yes
configure:11757: checking whether a statically linked program can dlopen itself
configure:11837: gcc -o conftest -O0 -g  -DHAVE_DLFCN_H  -Wl,--export-dynamic -static conftest.c -ldl  >&5
/usr/bin/ld: /tmp/cc8cq1xU.o: in function `main':
/home/nils/Dokumente/ASPA/NIST-BGP-SRx/srx-server/configure:11816: warning: Using 'dlopen' in statically linked applications requires at runtime the shared libraries from the glibc version used for linking
configure:11840: $? = 0
conftest: undefined symbol: _fnord
configure:11858: result: no
configure:11897: checking whether stripping libraries is possible
configure:11906: result: yes
configure:11948: checking if libtool supports shared libraries
configure:11950: result: yes
configure:11953: checking whether to build shared libraries
configure:11978: result: yes
configure:11981: checking whether to build static libraries
configure:11985: result: yes
configure:8928: checking that generated files are newer than configure
configure:8934: result: done
configure:8957: creating ./config.status

## ---------------------- ##
## Running config.status. ##
## ---------------------- ##

This file was extended by SRx config.status 0.6.2.1, which was
generated by GNU Autoconf 2.69.  Invocation command line was

  CONFIG_FILES    = 
  CONFIG_HEADERS  = 
  CONFIG_LINKS    = 
  CONFIG_COMMANDS = 
  $ ./config.status 

on nils-VirtualBox

config.status:1009: creating Makefile
config.status:1181: executing depfiles commands
config.status:1181: executing libtool commands
configure:10988: === configuring in src (/home/nils/Dokumente/ASPA/NIST-BGP-SRx/srx-server/src)
configure:11051: running /bin/bash ./configure --disable-option-checking '--prefix=/home/nils/Dokumente/ASPA/NIST-BGP-SRx/local-6.3.3'  'sca_dir=/home/nils/Dokumente/ASPA/NIST-BGP-SRx/local-6.3.3' 'CFLAGS=-O0 -g' --cache-file=/dev/null --srcdir=.

## ---------------- ##
## Cache variables. ##
## ---------------- ##

ac_cv_build=x86_64-pc-linux-gnu
ac_cv_c_compiler_gnu=yes
ac_cv_env_CC_set=
ac_cv_env_CC_value=
ac_cv_env_CFLAGS_set=set
ac_cv_env_CFLAGS_value='-O0 -g'
ac_cv_env_CPPFLAGS_set=
ac_cv_env_CPPFLAGS_value=
ac_cv_env_CPP_set=
ac_cv_env_CPP_value=
ac_cv_env_LDFLAGS_set=
ac_cv_env_LDFLAGS_value=
ac_cv_env_LIBS_set=
ac_cv_env_LIBS_value=
ac_cv_env_LT_SYS_LIBRARY_PATH_set=
ac_cv_env_LT_SYS_LIBRARY_PATH_value=
ac_cv_env_build_alias_set=
ac_cv_env_build_alias_value=
ac_cv_env_host_alias_set=
ac_cv_env_host_alias_value=
ac_cv_env_target_alias_set=
ac_cv_env_target_alias_value=
ac_cv_func_dlopen=no
ac_cv_func_shl_load=no
ac_cv_header_dlfcn_h=yes
ac_cv_header_inttypes_h=yes
ac_cv_header_memory_h=yes
ac_cv_header_stdc=yes
ac_cv_header_stdint_h=yes
ac_cv_header_stdlib_h=yes
ac_cv_header_string_h=yes
ac_cv_header_strings_h=yes
ac_cv_header_sys_stat_h=yes
ac_cv_header_sys_types_h=yes
ac_cv_header_unistd_h=yes
ac_cv_host=x86_64-pc-linux-gnu
ac_cv_lib_dl_dlopen=yes
ac_cv_lib_dld_shl_load=no
ac_cv_objext=o
ac_cv_path_EGREP='/usr/bin/grep -E'
ac_cv_path_FGREP='/usr/bin/grep -F'
ac_cv_path_GREP=/usr/bin/grep
ac_cv_path_SED=/usr/bin/sed
ac_cv_path_install='/usr/bin/install -c'
ac_cv_path_lt_DD=/usr/bin/dd
ac_cv_path_mkdir=/usr/bin/mkdir
ac_cv_prog_AWK=mawk
ac_cv_prog_CPP='gcc -E'
ac_cv_prog_PATCH=yes
ac_cv_prog_ac_ct_AR=ar
ac_cv_prog_ac_ct_CC=gcc
ac_cv_prog_ac_ct_FILECMD=file
ac_cv_prog_ac_ct_MANIFEST_TOOL=mt
ac_cv_prog_ac_ct_OBJDUMP=objdump
ac_cv_prog_ac_ct_RANLIB=ranlib
ac_cv_prog_ac_ct_STRIP=strip
ac_cv_prog_cc_c89=
ac_cv_prog_cc_g=yes
ac_cv_prog_make_make_set=yes
am_cv_CC_dependencies_compiler_type=none
am_cv_make_support_nested_variables=yes
am_cv_prog_cc_c_o=yes
lt_cv_ar_at_file=@
lt_cv_archive_cmds_need_lc=no
lt_cv_deplibs_check_method=pass_all
lt_cv_dlopen=dlopen
lt_cv_dlopen_libs=-ldl
lt_cv_dlopen_self=yes
lt_cv_dlopen_self_static=no
lt_cv_file_magic_cmd='$MAGIC_CMD'
lt_cv_file_magic_test_file=
lt_cv_ld_reload_flag=-r
lt_cv_nm_interface='BSD nm'
lt_cv_objdir=.libs
lt_cv_path_LD=/usr/bin/ld
lt_cv_path_NM='/usr/bin/nm -B'
lt_cv_path_mainfest_tool=no
lt_cv_prog_compiler_c_o=yes
lt_cv_prog_compiler_pic='-fPIC -DPIC'
lt_cv_prog_compiler_pic_works=yes
lt_cv_prog_compiler_rtti_exceptions=no
lt_cv_prog_compiler_static_works=yes
lt_cv_prog_gnu_ld=yes
lt_cv_sharedlib_from_linklib_cmd='printf %s\n'
lt_cv_shlibpath_overrides_runpath=yes
lt_cv_sys_global_symbol_pipe='/usr/bin/sed -n -e '\''s/^.*[	 ]\([ABCDGIRSTW][ABCDGIRSTW]*\)[	 ][	 ]*\([_A-Za-z][_A-Za-z0-9]*\)$/\1 \2 \2/p'\'' | /usr/bin/sed '\''/ __gnu_lto/d'\'''
lt_cv_sys_global_symbol_to_c_name_address='/usr/bin/sed -n -e '\''s/^: \(.*\) .*$/  {"\1", (void *) 0},/p'\'' -e '\''s/^[ABCDGIRSTW][ABCDGIRSTW]* .* \(.*\)$/  {"\1", (void *) \&\1},/p'\'''
lt_cv_sys_global_symbol_to_c_name_address_lib_prefix='/usr/bin/sed -n -e '\''s/^: \(.*\) .*$/  {"\1", (void *) 0},/p'\'' -e '\''s/^[ABCDGIRSTW][ABCDGIRSTW]* .* \(lib.*\)$/  {"\1", (void *) \&\1},/p'\'' -e '\''s/^[ABCDGIRSTW][ABCDGIRSTW]* .* \(.*\)$/  {"lib\1", (void *) \&\1},/p'\'''
lt_cv_sys_global_symbol_to_cdecl='/usr/bin/sed -n -e '\''s/^T .* \(.*\)$/extern int \1();/p'\'' -e '\''s/^[ABCDGIRSTW][ABCDGIRSTW]* .* \(.*\)$/extern char \1;/p'\'''
lt_cv_sys_global_symbol_to_import=
lt_cv_sys_max_cmd_len=1572864
lt_cv_to_host_file_cmd=func_convert_file_noop
lt_cv_to_tool_file_cmd=func_convert_file_noop
lt_cv_truncate_bin='/usr/bin/dd bs=4096 count=1'

## ----------------- ##
## Output variables. ##
## ----------------- ##

ACLOCAL='${SHELL} /home/nils/Dokumente/ASPA/NIST-BGP-SRx/srx-server/missing aclocal-1.16'
AMDEPBACKSLASH='\'
AMDEP_FALSE='#'
AMDEP_TRUE=''
AMTAR='$${TAR-tar}'
AM_BACKSLASH='\'
AM_DEFAULT_V='$(AM_DEFAULT_VERBOSITY)'
AM_DEFAULT_VERBOSITY='1'
AM_V='$(V)'
AR='ar'
AUTOCONF='${SHELL} /home/nils/Dokumente/ASPA/NIST-BGP-SRx/srx-server/missing autoconf'
AUTOHEADER='${SHELL} /home/nils/Dokumente/ASPA/NIST-BGP-SRx/srx-server/missing autoheader'
AUTOMAKE='${SHELL} /home/nils/Dokumente/ASPA/NIST-BGP-SRx/srx-server/missing automake-1.16'
AWK='mawk'
CC='gcc'
CCDEPMODE='depmode=none'
CFLAGS='-O0 -g'
CPP='gcc -E'
CPPFLAGS=''
CYGPATH_W='echo'
DEFS='-DPACKAGE_NAME=\"SRx\" -DPACKAGE_TARNAME=\"srx\" -DPACKAGE_VERSION=\"0.6.2.1\" -DPACKAGE_STRING=\"SRx\ 0.6.2.1\" -DPACKAGE_BUGREPORT=\"itrg-contact@list.nist.gov\" -DPACKAGE_URL=\"https://www.nist.gov/services-resources/software/bgp-secure-routing-extension-bgp-srx-prototype\" -DPACKAGE=\"srx\" -DVERSION=\"0.6.2.1\" -DSTDC_HEADERS=1 -DHAVE_SYS_TYPES_H=1 -DHAVE_SYS_STAT_H=1 -DHAVE_STDLIB_H=1 -DHAVE_STRING_H=1 -DHAVE_MEMORY_H=1 -DHAVE_STRINGS_H=1 -DHAVE_INTTYPES_H=1 -DHAVE_STDINT_H=1 -DHAVE_UNISTD_H=1 -DHAVE_DLFCN_H=1 -DLT_OBJDIR=\".libs/\"'
DEPDIR='.deps'
DLLTOOL='false'
DSYMUTIL=''
DUMPBIN=''
ECHO_C=''
ECHO_N='-n'
ECHO_T=''
EGREP='/usr/bin/grep -E'
EXEEXT=''
FGREP='/usr/bin/grep -F'
FILECMD='file'
GREP='/usr/bin/grep'
INSTALL_DATA='${INSTALL} -m 644'
INSTALL_PROGRAM='${INSTALL}'
INSTALL_SCRIPT='${INSTALL}'
INSTALL_STRIP_PROGRAM='$(install_sh) -c -s'
LD='/usr/bin/ld -m elf_x86_64'
LDFLAGS=''
LIBOBJS=''
LIBS=''
LIBTOOL='$(SHELL) $(top_builddir)/libtool'
LIPO=''
LN_S='ln -s'
LTLIBOBJS=''
LT_SYS_LIBRARY_PATH=''
MAKEINFO='${SHELL} /home/nils/Dokumente/ASPA/NIST-BGP-SRx/srx-server/missing makeinfo'
MANIFEST_TOOL=':'
MKDIR_P='/usr/bin/mkdir -p'
NM='/usr/bin/nm -B'
NMEDIT=''
OBJDUMP='objdump'
OBJEXT='o'
OTOOL64=''
OTOOL=''
PACKAGE='srx'
PACKAGE_BUGREPORT='itrg-contact@list.nist.gov'
PACKAGE_NAME='SRx'
PACKAGE_STRING='SRx 0.6.2.1'
PACKAGE_TARNAME='srx'
PACKAGE_URL='https://www.nist.gov/services-resources/software/bgp-secure-routing-extension-bgp-srx-prototype'
PACKAGE_VERSION='0.6.2.1'
PATCH='yes'
PATH_SEPARATOR=':'
RANLIB='ranlib'
SED='/usr/bin/sed'
SET_MAKE=''
SHELL='/bin/bash'
STRIP='strip'
VERSION='0.6.2.1'
ac_ct_AR='ar'
ac_ct_CC='gcc'
ac_ct_DUMPBIN=''
am__EXEEXT_FALSE=''
am__EXEEXT_TRUE='#'
am__fastdepCC_FALSE=''
am__fastdepCC_TRUE='#'
am__include='include'
am__isrc=''
am__leading_dot='.'
am__nodep='_no'
am__quote=''
am__tar='$${TAR-tar} chof - "$$tardir"'
am__untar='$${TAR-tar} xf -'
bindir='${exec_prefix}/bin'
build='x86_64-pc-linux-gnu'
build_alias=''
build_cpu='x86_64'
build_os='linux-gnu'
build_vendor='pc'
datadir='${datarootdir}'
datarootdir='${prefix}/share'
docdir='${datarootdir}/doc/${PACKAGE_TARNAME}'
dvidir='${docdir}'
exec_prefix='${prefix}'
host='x86_64-pc-linux-gnu'
host_alias=''
host_cpu='x86_64'
host_os='linux-gnu'
host_vendor='pc'
htmldir='${docdir}'
includedir='${prefix}/include'
infodir='${datarootdir}/info'
install_sh='${SHELL} /home/nils/Dokumente/ASPA/NIST-BGP-SRx/srx-server/install-sh'
libdir='${exec_prefix}/lib'
libexecdir='${exec_prefix}/libexec'
localedir='${datarootdir}/locale'
localstatedir='${prefix}/var'
mandir='${datarootdir}/man'
mkdir_p='$(MKDIR_P)'
oldincludedir='/usr/include'
pdfdir='${docdir}'
prefix='/home/nils/Dokumente/ASPA/NIST-BGP-SRx/local-6.3.3'
program_transform_name='s,x,x,'
psdir='${docdir}'
runstatedir='${localstatedir}/run'
sbindir='${exec_prefix}/sbin'
sharedstatedir='${prefix}/com'
subdirs=' src'
sysconfdir='${prefix}/etc'
target_alias=''

## ----------- ##
## confdefs.h. ##
## ----------- ##

/* confdefs.h */
#define PACKAGE_NAME "SRx"
#define PACKAGE_TARNAME "srx"
#define PACKAGE_VERSION "0.6.2.1"
#define PACKAGE_STRING "SRx 0.6.2.1"
#define PACKAGE_BUGREPORT "itrg-contact@list.nist.gov"
#define PACKAGE_URL "https://www.nist.gov/services-resources/software/bgp-secure-routing-extension-bgp-srx-prototype"
#define PACKAGE "srx"
#define VERSION "0.6.2.1"
#define STDC_HEADERS 1
#define HAVE_SYS_TYPES_H 1
#define HAVE_SYS_STAT_H 1
#define HAVE_STDLIB_H 1
#define HAVE_STRING_H 1
#define HAVE_MEMORY_H 1
#define HAVE_STRINGS_H 1
#define HAVE_INTTYPES_H 1
#define HAVE_STDINT_H 1
#define HAVE_UNISTD_H 1
#define HAVE_DLFCN_H 1
#define LT_OBJDIR ".libs/"

configure: exit 0
