This file contains any messages produced by compilers while
running configure, to aid debugging if configure makes a mistake.

It was created by SRxCryptoAPI configure 0.3.0.6, which was
generated by GNU Autoconf 2.69.  Invocation command line was

  $ ./configure --prefix=/home/nils/Dokumente/ASPA/NIST-BGP-SRx/local-6.3.3 CFLAGS=-O0 -g

## --------- ##
## Platform. ##
## --------- ##

hostname = nils-VirtualBox
uname -m = x86_64
uname -r = 5.15.0-139-generic
uname -s = Linux
uname -v = #149~20.04.1-Ubuntu SMP Wed Apr 16 08:29:56 UTC 2025

/usr/bin/uname -p = x86_64
/bin/uname -X     = unknown

/bin/arch              = x86_64
/usr/bin/arch -k       = unknown
/usr/convex/getsysinfo = unknown
/usr/bin/hostinfo      = unknown
/bin/machine           = unknown
/usr/bin/oslevel       = unknown
/bin/universe          = unknown

PATH: /usr/local/sbin
PATH: /usr/local/bin
PATH: /usr/sbin
PATH: /usr/bin
PATH: /sbin
PATH: /bin
PATH: /snap/bin


## ----------- ##
## Core tests. ##
## ----------- ##

configure:2358: checking for a BSD-compatible install
configure:2426: result: /usr/bin/install -c
configure:2437: checking whether build environment is sane
configure:2492: result: yes
configure:2641: checking for a thread-safe mkdir -p
configure:2680: result: /usr/bin/mkdir -p
configure:2687: checking for gawk
configure:2717: result: no
configure:2687: checking for mawk
configure:2703: found /usr/bin/mawk
configure:2714: result: mawk
configure:2725: checking whether make sets $(MAKE)
configure:2747: result: yes
configure:2776: checking whether make supports nested variables
configure:2793: result: yes
configure:2920: checking Linux distribution checking
configure:2928: result: ubuntu
configure:2935: checking whether make supports the include directive
configure:2950: make -f confmf.GNU && cat confinc.out
this is the am__doit target
configure:2953: $? = 0
configure:2972: result: yes (GNU style)
configure:3042: checking for gcc
configure:3058: found /usr/bin/gcc
configure:3069: result: gcc
configure:3298: checking for C compiler version
configure:3307: gcc --version >&5
gcc (Ubuntu 9.4.0-1ubuntu1~20.04.2) 9.4.0
Copyright (C) 2019 Free Software Foundation, Inc.
This is free software; see the source for copying conditions.  There is NO
warranty; not even for MERCHANTABILITY or FITNESS FOR A PARTICULAR PURPOSE.

configure:3318: $? = 0
configure:3307: gcc -v >&5
Using built-in specs.
COLLECT_GCC=gcc
COLLECT_LTO_WRAPPER=/usr/lib/gcc/x86_64-linux-gnu/9/lto-wrapper
OFFLOAD_TARGET_NAMES=nvptx-none:hsa
OFFLOAD_TARGET_DEFAULT=1
Target: x86_64-linux-gnu
Configured with: ../src/configure -v --with-pkgversion='Ubuntu 9.4.0-1ubuntu1~20.04.2' --with-bugurl=file:///usr/share/doc/gcc-9/README.Bugs --enable-languages=c,ada,c++,go,brig,d,fortran,objc,obj-c++,gm2 --prefix=/usr --with-gcc-major-version-only --program-suffix=-9 --program-prefix=x86_64-linux-gnu- --enable-shared --enable-linker-build-id --libexecdir=/usr/lib --without-included-gettext --enable-threads=posix --libdir=/usr/lib --enable-nls --enable-clocale=gnu --enable-libstdcxx-debug --enable-libstdcxx-time=yes --with-default-libstdcxx-abi=new --enable-gnu-unique-object --disable-vtable-verify --enable-plugin --enable-default-pie --with-system-zlib --with-target-system-zlib=auto --enable-objc-gc=auto --enable-multiarch --disable-werror --with-arch-32=i686 --with-abi=m64 --with-multilib-list=m32,m64,mx32 --enable-multilib --with-tune=generic --enable-offload-targets=nvptx-none=/build/gcc-9-9QDOt0/gcc-9-9.4.0/debian/tmp-nvptx/usr,hsa --without-cuda-driver --enable-checking=release --build=x86_64-linux-gnu --host=x86_64-linux-gnu --target=x86_64-linux-gnu
Thread model: posix
gcc version 9.4.0 (Ubuntu 9.4.0-1ubuntu1~20.04.2) 
configure:3318: $? = 0
configure:3307: gcc -V >&5
gcc: error: unrecognized command line option '-V'
gcc: fatal error: no input files
compilation terminated.
configure:3318: $? = 1
configure:3307: gcc -qversion >&5
gcc: error: unrecognized command line option '-qversion'; did you mean '--version'?
gcc: fatal error: no input files
compilation terminated.
configure:3318: $? = 1
configure:3338: checking whether the C compiler works
configure:3360: gcc -O0 -g   conftest.c  >&5
configure:3364: $? = 0
configure:3412: result: yes
configure:3415: checking for C compiler default output file name
configure:3417: result: a.out
configure:3423: checking for suffix of executables
configure:3430: gcc -o conftest -O0 -g   conftest.c  >&5
configure:3434: $? = 0
configure:3456: result: 
configure:3478: checking whether we are cross compiling
configure:3486: gcc -o conftest -O0 -g   conftest.c  >&5
configure:3490: $? = 0
configure:3497: ./conftest
configure:3501: $? = 0
configure:3489: result: no
configure:3494: checking for suffix of object files
configure:3516: gcc -c -O0 -g  conftest.c >&5
configure:3520: $? = 0
configure:3541: result: o
configure:3545: checking whether we are using the GNU C compiler
configure:3564: gcc -c -O0 -g  conftest.c >&5
configure:3564: $? = 0
configure:3573: result: yes
configure:3582: checking whether gcc accepts -g
configure:3602: gcc -c -g  conftest.c >&5
configure:3602: $? = 0
configure:3643: result: yes
configure:3660: checking for gcc option to accept ISO C89
configure:3723: gcc  -c -O0 -g  conftest.c >&5
configure:3723: $? = 0
configure:3736: result: none needed
configure:3761: checking whether gcc understands -c and -o together
configure:3783: gcc -c conftest.c -o conftest2.o
configure:3786: $? = 0
configure:3783: gcc -c conftest.c -o conftest2.o
configure:3786: $? = 0
configure:3798: result: yes
configure:3817: checking dependency style of gcc
configure:3928: result: gcc3
configure:3993: checking for ar
configure:4009: found /usr/bin/ar
configure:4020: result: ar
configure:4046: checking the archiver (ar) interface
configure:4062: gcc -c -O0 -g  conftest.c >&5
configure:4062: $? = 0
configure:4064: ar cru libconftest.a conftest.o >&5
ar: `u' modifier ignored since `D' is the default (see `U')
configure:4067: $? = 0
configure:4066: result: ar
configure:4123: checking build system type
configure:4137: result: x86_64-pc-linux-gnu
configure:4157: checking host system type
configure:4170: result: x86_64-pc-linux-gnu
configure:4211: checking how to print strings
configure:4238: result: printf
configure:4259: checking for a sed that does not truncate output
configure:4323: result: /usr/bin/sed
configure:4341: checking for grep that handles long lines and -e
configure:4399: result: /usr/bin/grep
configure:4404: checking for egrep
configure:4466: result: /usr/bin/grep -E
configure:4471: checking for fgrep
configure:4533: result: /usr/bin/grep -F
configure:4568: checking for ld used by gcc
configure:4635: result: /usr/bin/ld
configure:4642: checking if the linker (/usr/bin/ld) is GNU ld
configure:4657: result: yes
configure:4669: checking for BSD- or MS-compatible name lister (nm)
configure:4723: result: /usr/bin/nm -B
configure:4853: checking the name lister (/usr/bin/nm -B) interface
configure:4860: gcc -c -O0 -g  conftest.c >&5
configure:4863: /usr/bin/nm -B "conftest.o"
configure:4866: output
0000000000000000 B some_variable
configure:4867: result: BSD nm
configure:4870: checking whether ln -s works
configure:4874: result: yes
configure:4882: checking the maximum length of command line arguments
configure:5013: result: 1572864
configure:5061: checking how to convert x86_64-pc-linux-gnu file names to x86_64-pc-linux-gnu format
configure:5101: result: func_convert_file_noop
configure:5108: checking how to convert x86_64-pc-linux-gnu file names to toolchain format
configure:5128: result: func_convert_file_noop
configure:5135: checking for /usr/bin/ld option to reload object files
configure:5142: result: -r
configure:5216: checking for file
configure:5232: found /usr/bin/file
configure:5243: result: file
configure:5314: checking for objdump
configure:5330: found /usr/bin/objdump
configure:5341: result: objdump
configure:5373: checking how to recognize dependent libraries
configure:5573: result: pass_all
configure:5658: checking for dlltool
configure:5688: result: no
configure:5718: checking how to associate runtime and link libraries
configure:5745: result: printf %s\n
configure:5885: checking for archiver @FILE support
configure:5902: gcc -c -O0 -g  conftest.c >&5
configure:5902: $? = 0
configure:5905: ar cr libconftest.a @conftest.lst >&5
configure:5908: $? = 0
configure:5913: ar cr libconftest.a @conftest.lst >&5
ar: conftest.o: No such file or directory
configure:5916: $? = 1
configure:5915: result: @
configure:5973: checking for strip
configure:5989: found /usr/bin/strip
configure:6000: result: strip
configure:6072: checking for ranlib
configure:6088: found /usr/bin/ranlib
configure:6099: result: ranlib
configure:6201: checking command to parse /usr/bin/nm -B output from gcc object
configure:6354: gcc -c -O0 -g  conftest.c >&5
configure:6357: $? = 0
configure:6361: /usr/bin/nm -B conftest.o | /usr/bin/sed -n -e 's/^.*[	 ]\([ABCDGIRSTW][ABCDGIRSTW]*\)[	 ][	 ]*\([_A-Za-z][_A-Za-z0-9]*\)$/\1 \2 \2/p' | /usr/bin/sed '/ __gnu_lto/d' > conftest.nm
configure:6427: gcc -o conftest -O0 -g   conftest.c conftstm.o >&5
configure:6430: $? = 0
configure:6468: result: ok
configure:6515: checking for sysroot
configure:6545: result: no
configure:6552: checking for a working dd
configure:6590: result: /usr/bin/dd
configure:6594: checking how to truncate binary pipes
configure:6609: result: /usr/bin/dd bs=4096 count=1
configure:6745: gcc -c -O0 -g  conftest.c >&5
configure:6748: $? = 0
configure:6938: checking for mt
configure:6954: found /usr/bin/mt
configure:6965: result: mt
configure:6988: checking if mt is a manifest tool
configure:6994: mt '-?'
configure:7002: result: no
configure:7674: checking how to run the C preprocessor
configure:7705: gcc -E  conftest.c
configure:7705: $? = 0
configure:7719: gcc -E  conftest.c
conftest.c:11:10: fatal error: ac_nonexistent.h: No such file or directory
   11 | #include <ac_nonexistent.h>
      |          ^~~~~~~~~~~~~~~~~~
compilation terminated.
configure:7719: $? = 1
configure: failed program was:
| /* confdefs.h */
| #define PACKAGE_NAME "SRxCryptoAPI"
| #define PACKAGE_TARNAME "srxcryptoapi"
| #define PACKAGE_VERSION "0.3.0.6"
| #define PACKAGE_STRING "SRxCryptoAPI 0.3.0.6"
| #define PACKAGE_BUGREPORT "itrg-contact@list.nist.gov"
| #define PACKAGE_URL ""
| #define PACKAGE "srxcryptoapi"
| #define VERSION "0.3.0.6"
| /* end confdefs.h.  */
| #include <ac_nonexistent.h>
configure:7744: result: gcc -E
configure:7764: gcc -E  conftest.c
configure:7764: $? = 0
configure:7778: gcc -E  conftest.c
conftest.c:11:10: fatal error: ac_nonexistent.h: No such file or directory
   11 | #include <ac_nonexistent.h>
      |          ^~~~~~~~~~~~~~~~~~
compilation terminated.
configure:7778: $? = 1
configure: failed program was:
| /* confdefs.h */
| #define PACKAGE_NAME "SRxCryptoAPI"
| #define PACKAGE_TARNAME "srxcryptoapi"
| #define PACKAGE_VERSION "0.3.0.6"
| #define PACKAGE_STRING "SRxCryptoAPI 0.3.0.6"
| #define PACKAGE_BUGREPORT "itrg-contact@list.nist.gov"
| #define PACKAGE_URL ""
| #define PACKAGE "srxcryptoapi"
| #define VERSION "0.3.0.6"
| /* end confdefs.h.  */
| #include <ac_nonexistent.h>
configure:7807: checking for ANSI C header files
configure:7827: gcc -c -O0 -g  conftest.c >&5
configure:7827: $? = 0
configure:7900: gcc -o conftest -O0 -g   conftest.c  >&5
configure:7900: $? = 0
configure:7900: ./conftest
configure:7900: $? = 0
configure:7911: result: yes
configure:7924: checking for sys/types.h
configure:7924: gcc -c -O0 -g  conftest.c >&5
configure:7924: $? = 0
configure:7924: result: yes
configure:7924: checking for sys/stat.h
configure:7924: gcc -c -O0 -g  conftest.c >&5
configure:7924: $? = 0
configure:7924: result: yes
configure:7924: checking for stdlib.h
configure:7924: gcc -c -O0 -g  conftest.c >&5
configure:7924: $? = 0
configure:7924: result: yes
configure:7924: checking for string.h
configure:7924: gcc -c -O0 -g  conftest.c >&5
configure:7924: $? = 0
configure:7924: result: yes
configure:7924: checking for memory.h
configure:7924: gcc -c -O0 -g  conftest.c >&5
configure:7924: $? = 0
configure:7924: result: yes
configure:7924: checking for strings.h
configure:7924: gcc -c -O0 -g  conftest.c >&5
configure:7924: $? = 0
configure:7924: result: yes
configure:7924: checking for inttypes.h
configure:7924: gcc -c -O0 -g  conftest.c >&5
configure:7924: $? = 0
configure:7924: result: yes
configure:7924: checking for stdint.h
configure:7924: gcc -c -O0 -g  conftest.c >&5
configure:7924: $? = 0
configure:7924: result: yes
configure:7924: checking for unistd.h
configure:7924: gcc -c -O0 -g  conftest.c >&5
configure:7924: $? = 0
configure:7924: result: yes
configure:7938: checking for dlfcn.h
configure:7938: gcc -c -O0 -g  conftest.c >&5
configure:7938: $? = 0
configure:7938: result: yes
configure:8193: checking for objdir
configure:8208: result: .libs
configure:8472: checking if gcc supports -fno-rtti -fno-exceptions
configure:8490: gcc -c -O0 -g  -fno-rtti -fno-exceptions conftest.c >&5
cc1: warning: command line option '-fno-rtti' is valid for C++/D/ObjC++ but not for C
configure:8494: $? = 0
configure:8507: result: no
configure:8871: checking for gcc option to produce PIC
configure:8878: result: -fPIC -DPIC
configure:8886: checking if gcc PIC flag -fPIC -DPIC works
configure:8904: gcc -c -O0 -g  -fPIC -DPIC -DPIC conftest.c >&5
configure:8908: $? = 0
configure:8921: result: yes
configure:8950: checking if gcc static flag -static works
configure:8978: result: yes
configure:8993: checking if gcc supports -c -o file.o
configure:9014: gcc -c -O0 -g  -o out/conftest2.o conftest.c >&5
configure:9018: $? = 0
configure:9040: result: yes
configure:9048: checking if gcc supports -c -o file.o
configure:9095: result: yes
configure:9128: checking whether the gcc linker (/usr/bin/ld -m elf_x86_64) supports shared libraries
configure:10395: result: yes
configure:10432: checking whether -lc should be explicitly linked in
configure:10440: gcc -c -O0 -g  conftest.c >&5
configure:10443: $? = 0
configure:10458: gcc -shared  -fPIC -DPIC conftest.o  -v -Wl,-soname -Wl,conftest -o conftest 2\>\&1 \| /usr/bin/grep  -lc  \>/dev/null 2\>\&1
configure:10461: $? = 0
configure:10475: result: no
configure:10635: checking dynamic linker characteristics
configure:11216: gcc -o conftest -O0 -g   -Wl,-rpath -Wl,/foo conftest.c  >&5
configure:11216: $? = 0
configure:11465: result: GNU/Linux ld.so
configure:11587: checking how to hardcode library paths into programs
configure:11612: result: immediate
configure:11714: checking for shl_load
configure:11714: gcc -o conftest -O0 -g   conftest.c  >&5
/usr/bin/ld: /tmp/ccOjdAVi.o: in function `main':
/home/nils/Dokumente/ASPA/NIST-BGP-SRx/srx-crypto-api/conftest.c:57: undefined reference to `shl_load'
collect2: error: ld returned 1 exit status
configure:11714: $? = 1
configure: failed program was:
| /* confdefs.h */
| #define PACKAGE_NAME "SRxCryptoAPI"
| #define PACKAGE_TARNAME "srxcryptoapi"
| #define PACKAGE_VERSION "0.3.0.6"
| #define PACKAGE_STRING "SRxCryptoAPI 0.3.0.6"
| #define PACKAGE_BUGREPORT "itrg-contact@list.nist.gov"
| #define PACKAGE_URL ""
| #define PACKAGE "srxcryptoapi"
| #define VERSION "0.3.0.6"
| #define STDC_HEADERS 1
| #define HAVE_SYS_TYPES_H 1
| #define HAVE_SYS_STAT_H 1
| #define HAVE_STDLIB_H 1
| #define HAVE_STRING_H 1
| #define HAVE_MEMORY_H 1
| #define HAVE_STRINGS_H 1
| #define HAVE_INTTYPES_H 1
| #define HAVE_STDINT_H 1
| #define HAVE_UNISTD_H 1
| #define HAVE_DLFCN_H 1
| #define LT_OBJDIR ".libs/"
| /* end confdefs.h.  */
| /* Define shl_load to an innocuous variant, in case <limits.h> declares shl_load.
|    For example, HP-UX 11i <limits.h> declares gettimeofday.  */
| #define shl_load innocuous_shl_load
| 
| /* System header to define __stub macros and hopefully few prototypes,
|     which can conflict with char shl_load (); below.
|     Prefer <limits.h> to <assert.h> if __STDC__ is defined, since
|     <limits.h> exists even on freestanding compilers.  */
| 
| #ifdef __STDC__
| # include <limits.h>
| #else
| # include <assert.h>
| #endif
| 
| #undef shl_load
| 
| /* Override any GCC internal prototype to avoid an error.
|    Use char because int might match the return type of a GCC
|    builtin and then its argument prototype would still apply.  */
| #ifdef __cplusplus
| extern "C"
| #endif
| char shl_load ();
| /* The GNU C library defines this for functions which it implements
|     to always fail with ENOSYS.  Some functions are actually named
|     something starting with __ and the normal name is an alias.  */
| #if defined __stub_shl_load || defined __stub___shl_load
| choke me
| #endif
| 
| int
| main ()
| {
| return shl_load ();
|   ;
|   return 0;
| }
configure:11714: result: no
configure:11718: checking for shl_load in -ldld
configure:11743: gcc -o conftest -O0 -g   conftest.c -ldld   >&5
/usr/bin/ld: cannot find -ldld
collect2: error: ld returned 1 exit status
configure:11743: $? = 1
configure: failed program was:
| /* confdefs.h */
| #define PACKAGE_NAME "SRxCryptoAPI"
| #define PACKAGE_TARNAME "srxcryptoapi"
| #define PACKAGE_VERSION "0.3.0.6"
| #define PACKAGE_STRING "SRxCryptoAPI 0.3.0.6"
| #define PACKAGE_BUGREPORT "itrg-contact@list.nist.gov"
| #define PACKAGE_URL ""
| #define PACKAGE "srxcryptoapi"
| #define VERSION "0.3.0.6"
| #define STDC_HEADERS 1
| #define HAVE_SYS_TYPES_H 1
| #define HAVE_SYS_STAT_H 1
| #define HAVE_STDLIB_H 1
| #define HAVE_STRING_H 1
| #define HAVE_MEMORY_H 1
| #define HAVE_STRINGS_H 1
| #define HAVE_INTTYPES_H 1
| #define HAVE_STDINT_H 1
| #define HAVE_UNISTD_H 1
| #define HAVE_DLFCN_H 1
| #define LT_OBJDIR ".libs/"
| /* end confdefs.h.  */
| 
| /* Override any GCC internal prototype to avoid an error.
|    Use char because int might match the return type of a GCC
|    builtin and then its argument prototype would still apply.  */
| #ifdef __cplusplus
| extern "C"
| #endif
| char shl_load ();
| int
| main ()
| {
| return shl_load ();
|   ;
|   return 0;
| }
configure:11752: result: no
configure:11757: checking for dlopen
configure:11757: gcc -o conftest -O0 -g   conftest.c  >&5
/usr/bin/ld: /tmp/cc9HZWhn.o: in function `main':
/home/nils/Dokumente/ASPA/NIST-BGP-SRx/srx-crypto-api/conftest.c:57: undefined reference to `dlopen'
collect2: error: ld returned 1 exit status
configure:11757: $? = 1
configure: failed program was:
| /* confdefs.h */
| #define PACKAGE_NAME "SRxCryptoAPI"
| #define PACKAGE_TARNAME "srxcryptoapi"
| #define PACKAGE_VERSION "0.3.0.6"
| #define PACKAGE_STRING "SRxCryptoAPI 0.3.0.6"
| #define PACKAGE_BUGREPORT "itrg-contact@list.nist.gov"
| #define PACKAGE_URL ""
| #define PACKAGE "srxcryptoapi"
| #define VERSION "0.3.0.6"
| #define STDC_HEADERS 1
| #define HAVE_SYS_TYPES_H 1
| #define HAVE_SYS_STAT_H 1
| #define HAVE_STDLIB_H 1
| #define HAVE_STRING_H 1
| #define HAVE_MEMORY_H 1
| #define HAVE_STRINGS_H 1
| #define HAVE_INTTYPES_H 1
| #define HAVE_STDINT_H 1
| #define HAVE_UNISTD_H 1
| #define HAVE_DLFCN_H 1
| #define LT_OBJDIR ".libs/"
| /* end confdefs.h.  */
| /* Define dlopen to an innocuous variant, in case <limits.h> declares dlopen.
|    For example, HP-UX 11i <limits.h> declares gettimeofday.  */
| #define dlopen innocuous_dlopen
| 
| /* System header to define __stub macros and hopefully few prototypes,
|     which can conflict with char dlopen (); below.
|     Prefer <limits.h> to <assert.h> if __STDC__ is defined, since
|     <limits.h> exists even on freestanding compilers.  */
| 
| #ifdef __STDC__
| # include <limits.h>
| #else
| # include <assert.h>
| #endif
| 
| #undef dlopen
| 
| /* Override any GCC internal prototype to avoid an error.
|    Use char because int might match the return type of a GCC
|    builtin and then its argument prototype would still apply.  */
| #ifdef __cplusplus
| extern "C"
| #endif
| char dlopen ();
| /* The GNU C library defines this for functions which it implements
|     to always fail with ENOSYS.  Some functions are actually named
|     something starting with __ and the normal name is an alias.  */
| #if defined __stub_dlopen || defined __stub___dlopen
| choke me
| #endif
| 
| int
| main ()
| {
| return dlopen ();
|   ;
|   return 0;
| }
configure:11757: result: no
configure:11761: checking for dlopen in -ldl
configure:11786: gcc -o conftest -O0 -g   conftest.c -ldl   >&5
configure:11786: $? = 0
configure:11795: result: yes
configure:11914: checking whether a program can dlopen itself
configure:11994: gcc -o conftest -O0 -g  -DHAVE_DLFCN_H  -Wl,--export-dynamic conftest.c -ldl  >&5
configure:11997: $? = 0
configure:12015: result: yes
configure:12020: checking whether a statically linked program can dlopen itself
configure:12100: gcc -o conftest -O0 -g  -DHAVE_DLFCN_H  -Wl,--export-dynamic -static conftest.c -ldl  >&5
/usr/bin/ld: /tmp/ccI9fd9Y.o: in function `main':
/home/nils/Dokumente/ASPA/NIST-BGP-SRx/srx-crypto-api/configure:12079: warning: Using 'dlopen' in statically linked applications requires at runtime the shared libraries from the glibc version used for linking
configure:12103: $? = 0
conftest: undefined symbol: _fnord
configure:12121: result: no
configure:12160: checking whether stripping libraries is possible
configure:12169: result: yes
configure:12211: checking if libtool supports shared libraries
configure:12213: result: yes
configure:12216: checking whether to build shared libraries
configure:12241: result: yes
configure:12244: checking whether to build static libraries
configure:12248: result: yes
configure:9113: checking for gcc
configure:9140: result: gcc
configure:9369: checking for C compiler version
configure:9378: gcc --version >&5
gcc (Ubuntu 9.4.0-1ubuntu1~20.04.2) 9.4.0
Copyright (C) 2019 Free Software Foundation, Inc.
This is free software; see the source for copying conditions.  There is NO
warranty; not even for MERCHANTABILITY or FITNESS FOR A PARTICULAR PURPOSE.

configure:9389: $? = 0
configure:9378: gcc -v >&5
Using built-in specs.
COLLECT_GCC=gcc
COLLECT_LTO_WRAPPER=/usr/lib/gcc/x86_64-linux-gnu/9/lto-wrapper
OFFLOAD_TARGET_NAMES=nvptx-none:hsa
OFFLOAD_TARGET_DEFAULT=1
Target: x86_64-linux-gnu
Configured with: ../src/configure -v --with-pkgversion='Ubuntu 9.4.0-1ubuntu1~20.04.2' --with-bugurl=file:///usr/share/doc/gcc-9/README.Bugs --enable-languages=c,ada,c++,go,brig,d,fortran,objc,obj-c++,gm2 --prefix=/usr --with-gcc-major-version-only --program-suffix=-9 --program-prefix=x86_64-linux-gnu- --enable-shared --enable-linker-build-id --libexecdir=/usr/lib --without-included-gettext --enable-threads=posix --libdir=/usr/lib --enable-nls --enable-clocale=gnu --enable-libstdcxx-debug --enable-libstdcxx-time=yes --with-default-libstdcxx-abi=new --enable-gnu-unique-object --disable-vtable-verify --enable-plugin --enable-default-pie --with-system-zlib --with-target-system-zlib=auto --enable-objc-gc=auto --enable-multiarch --disable-werror --with-arch-32=i686 --with-abi=m64 --with-multilib-list=m32,m64,mx32 --enable-multilib --with-tune=generic --enable-offload-targets=nvptx-none=/build/gcc-9-9QDOt0/gcc-9-9.4.0/debian/tmp-nvptx/usr,hsa --without-cuda-driver --enable-checking=release --build=x86_64-linux-gnu --host=x86_64-linux-gnu --target=x86_64-linux-gnu
Thread model: posix
gcc version 9.4.0 (Ubuntu 9.4.0-1ubuntu1~20.04.2) 
configure:9389: $? = 0
configure:9378: gcc -V >&5
gcc: error: unrecognized command line option '-V'
gcc: fatal error: no input files
compilation terminated.
configure:9389: $? = 1
configure:9378: gcc -qversion >&5
gcc: error: unrecognized command line option '-qversion'; did you mean '--version'?
gcc: fatal error: no input files
compilation terminated.
configure:9389: $? = 1
configure:9393: checking whether we are using the GNU C compiler
configure:9421: result: yes
configure:9430: checking whether gcc accepts -g
configure:9491: result: yes
configure:9508: checking for gcc option to accept ISO C89
configure:9584: result: none needed
configure:9609: checking whether gcc understands -c and -o together
configure:9646: result: yes
configure:9665: checking dependency style of gcc
configure:9776: result: gcc3
configure:9792: checking whether make sets $(MAKE)
configure:9814: result: yes
configure:9834: checking host architecture information
configure:9842: result: 64 bit
configure:9882: checking for library containing dlopen
configure:9913: gcc -o conftest -O0 -g   conftest.c  >&5
/usr/bin/ld: /tmp/ccTMg7Gs.o: in function `main':
/home/nils/Dokumente/ASPA/NIST-BGP-SRx/srx-crypto-api/conftest.c:34: undefined reference to `dlopen'
collect2: error: ld returned 1 exit status
configure:9913: $? = 1
configure: failed program was:
| /* confdefs.h */
| #define PACKAGE_NAME "SRxCryptoAPI"
| #define PACKAGE_TARNAME "srxcryptoapi"
| #define PACKAGE_VERSION "0.3.0.6"
| #define PACKAGE_STRING "SRxCryptoAPI 0.3.0.6"
| #define PACKAGE_BUGREPORT "itrg-contact@list.nist.gov"
| #define PACKAGE_URL ""
| #define PACKAGE "srxcryptoapi"
| #define VERSION "0.3.0.6"
| #define STDC_HEADERS 1
| #define HAVE_SYS_TYPES_H 1
| #define HAVE_SYS_STAT_H 1
| #define HAVE_STDLIB_H 1
| #define HAVE_STRING_H 1
| #define HAVE_MEMORY_H 1
| #define HAVE_STRINGS_H 1
| #define HAVE_INTTYPES_H 1
| #define HAVE_STDINT_H 1
| #define HAVE_UNISTD_H 1
| #define HAVE_DLFCN_H 1
| #define LT_OBJDIR ".libs/"
| /* end confdefs.h.  */
| 
| /* Override any GCC internal prototype to avoid an error.
|    Use char because int might match the return type of a GCC
|    builtin and then its argument prototype would still apply.  */
| #ifdef __cplusplus
| extern "C"
| #endif
| char dlopen ();
| int
| main ()
| {
| return dlopen ();
|   ;
|   return 0;
| }
configure:9913: gcc -o conftest -O0 -g   conftest.c -ldl   >&5
configure:9913: $? = 0
configure:9930: result: -ldl
configure:9943: checking for library containing config_init
configure:9974: gcc -o conftest -O0 -g   conftest.c -ldl  >&5
/usr/bin/ld: /tmp/ccC7r4ki.o: in function `main':
/home/nils/Dokumente/ASPA/NIST-BGP-SRx/srx-crypto-api/conftest.c:34: undefined reference to `config_init'
collect2: error: ld returned 1 exit status
configure:9974: $? = 1
configure: failed program was:
| /* confdefs.h */
| #define PACKAGE_NAME "SRxCryptoAPI"
| #define PACKAGE_TARNAME "srxcryptoapi"
| #define PACKAGE_VERSION "0.3.0.6"
| #define PACKAGE_STRING "SRxCryptoAPI 0.3.0.6"
| #define PACKAGE_BUGREPORT "itrg-contact@list.nist.gov"
| #define PACKAGE_URL ""
| #define PACKAGE "srxcryptoapi"
| #define VERSION "0.3.0.6"
| #define STDC_HEADERS 1
| #define HAVE_SYS_TYPES_H 1
| #define HAVE_SYS_STAT_H 1
| #define HAVE_STDLIB_H 1
| #define HAVE_STRING_H 1
| #define HAVE_MEMORY_H 1
| #define HAVE_STRINGS_H 1
| #define HAVE_INTTYPES_H 1
| #define HAVE_STDINT_H 1
| #define HAVE_UNISTD_H 1
| #define HAVE_DLFCN_H 1
| #define LT_OBJDIR ".libs/"
| /* end confdefs.h.  */
| 
| /* Override any GCC internal prototype to avoid an error.
|    Use char because int might match the return type of a GCC
|    builtin and then its argument prototype would still apply.  */
| #ifdef __cplusplus
| extern "C"
| #endif
| char config_init ();
| int
| main ()
| {
| return config_init ();
|   ;
|   return 0;
| }
configure:9974: gcc -o conftest -O0 -g   conftest.c -lconfig  -ldl  >&5
configure:9974: $? = 0
configure:9991: result: -lconfig
configure:10011: checking for libconfig int type
configure:10021: result: int
configure:10055: checking type of openssl installation to be used
configure:10058: result: default
configure:10091: checking for library crypto
configure:10109: result: -lcrypto
configure:10091: checking for library ssl
configure:10109: result: -lssl
configure:10143: checking for openssl curve prime256v1
configure:10147: result: yes
configure:10169: checking /usr/include/openssl/crypto.h usability
configure:10169: gcc -c -O0 -g -DLCONFIG_INT=int  conftest.c >&5
configure:10169: $? = 0
configure:10169: result: yes
configure:10169: checking /usr/include/openssl/crypto.h presence
configure:10169: gcc -E  conftest.c
configure:10169: $? = 0
configure:10169: result: yes
configure:10169: checking for /usr/include/openssl/crypto.h
configure:10169: result: yes
configure:10169: checking /usr/include/openssl/bio.h usability
configure:10169: gcc -c -O0 -g -DLCONFIG_INT=int  conftest.c >&5
configure:10169: $? = 0
configure:10169: result: yes
configure:10169: checking /usr/include/openssl/bio.h presence
configure:10169: gcc -E  conftest.c
configure:10169: $? = 0
configure:10169: result: yes
configure:10169: checking for /usr/include/openssl/bio.h
configure:10169: result: yes
configure:10169: checking /usr/include/openssl/sha.h usability
configure:10169: gcc -c -O0 -g -DLCONFIG_INT=int  conftest.c >&5
configure:10169: $? = 0
configure:10169: result: yes
configure:10169: checking /usr/include/openssl/sha.h presence
configure:10169: gcc -E  conftest.c
configure:10169: $? = 0
configure:10169: result: yes
configure:10169: checking for /usr/include/openssl/sha.h
configure:10169: result: yes
configure:10169: checking /usr/include/openssl/ec.h usability
configure:10169: gcc -c -O0 -g -DLCONFIG_INT=int  conftest.c >&5
configure:10169: $? = 0
configure:10169: result: yes
configure:10169: checking /usr/include/openssl/ec.h presence
configure:10169: gcc -E  conftest.c
configure:10169: $? = 0
configure:10169: result: yes
configure:10169: checking for /usr/include/openssl/ec.h
configure:10169: result: yes
configure:10169: checking /usr/include/openssl/ecdsa.h usability
configure:10169: gcc -c -O0 -g -DLCONFIG_INT=int  conftest.c >&5
configure:10169: $? = 0
configure:10169: result: yes
configure:10169: checking /usr/include/openssl/ecdsa.h presence
configure:10169: gcc -E  conftest.c
configure:10169: $? = 0
configure:10169: result: yes
configure:10169: checking for /usr/include/openssl/ecdsa.h
configure:10169: result: yes
configure:10169: checking /usr/include/openssl/err.h usability
configure:10169: gcc -c -O0 -g -DLCONFIG_INT=int  conftest.c >&5
configure:10169: $? = 0
configure:10169: result: yes
configure:10169: checking /usr/include/openssl/err.h presence
configure:10169: gcc -E  conftest.c
configure:10169: $? = 0
configure:10169: result: yes
configure:10169: checking for /usr/include/openssl/err.h
configure:10169: result: yes
configure:10236: checking assert.h usability
configure:10236: gcc -c -O0 -g -DLCONFIG_INT=int  conftest.c >&5
configure:10236: $? = 0
configure:10236: result: yes
configure:10236: checking assert.h presence
configure:10236: gcc -E  conftest.c
configure:10236: $? = 0
configure:10236: result: yes
configure:10236: checking for assert.h
configure:10236: result: yes
configure:10236: checking for dlfcn.h
configure:10236: result: yes
configure:10236: checking libconfig.h usability
configure:10236: gcc -c -O0 -g -DLCONFIG_INT=int  conftest.c >&5
configure:10236: $? = 0
configure:10236: result: yes
configure:10236: checking libconfig.h presence
configure:10236: gcc -E  conftest.c
configure:10236: $? = 0
configure:10236: result: yes
configure:10236: checking for libconfig.h
configure:10236: result: yes
configure:10236: checking malloc.h usability
configure:10236: gcc -c -O0 -g -DLCONFIG_INT=int  conftest.c >&5
configure:10236: $? = 0
configure:10236: result: yes
configure:10236: checking malloc.h presence
configure:10236: gcc -E  conftest.c
configure:10236: $? = 0
configure:10236: result: yes
configure:10236: checking for malloc.h
configure:10236: result: yes
configure:10236: checking stdarg.h usability
configure:10236: gcc -c -O0 -g -DLCONFIG_INT=int  conftest.c >&5
configure:10236: $? = 0
configure:10236: result: yes
configure:10236: checking stdarg.h presence
configure:10236: gcc -E  conftest.c
configure:10236: $? = 0
configure:10236: result: yes
configure:10236: checking for stdarg.h
configure:10236: result: yes
configure:10236: checking stdbool.h usability
configure:10236: gcc -c -O0 -g -DLCONFIG_INT=int  conftest.c >&5
configure:10236: $? = 0
configure:10236: result: yes
configure:10236: checking stdbool.h presence
configure:10236: gcc -E  conftest.c
configure:10236: $? = 0
configure:10236: result: yes
configure:10236: checking for stdbool.h
configure:10236: result: yes
configure:10236: checking stddef.h usability
configure:10236: gcc -c -O0 -g -DLCONFIG_INT=int  conftest.c >&5
configure:10236: $? = 0
configure:10236: result: yes
configure:10236: checking stddef.h presence
configure:10236: gcc -E  conftest.c
configure:10236: $? = 0
configure:10236: result: yes
configure:10236: checking for stddef.h
configure:10236: result: yes
configure:10236: checking stdio.h usability
configure:10236: gcc -c -O0 -g -DLCONFIG_INT=int  conftest.c >&5
configure:10236: $? = 0
configure:10236: result: yes
configure:10236: checking stdio.h presence
configure:10236: gcc -E  conftest.c
configure:10236: $? = 0
configure:10236: result: yes
configure:10236: checking for stdio.h
configure:10236: result: yes
configure:10236: checking for stdlib.h
configure:10236: result: yes
configure:10236: checking for string.h
configure:10236: result: yes
configure:10236: checking syslog.h usability
configure:10236: gcc -c -O0 -g -DLCONFIG_INT=int  conftest.c >&5
configure:10236: $? = 0
configure:10236: result: yes
configure:10236: checking syslog.h presence
configure:10236: gcc -E  conftest.c
configure:10236: $? = 0
configure:10236: result: yes
configure:10236: checking for syslog.h
configure:10236: result: yes
configure:10236: checking sys/param.h usability
configure:10236: gcc -c -O0 -g -DLCONFIG_INT=int  conftest.c >&5
configure:10236: $? = 0
configure:10236: result: yes
configure:10236: checking sys/param.h presence
configure:10236: gcc -E  conftest.c
configure:10236: $? = 0
configure:10236: result: yes
configure:10236: checking for sys/param.h
configure:10236: result: yes
configure:10236: checking for sys/stat.h
configure:10236: result: yes
configure:10236: checking for sys/types.h
configure:10236: result: yes
configure:10258: checking for size_t
configure:10258: gcc -c -O0 -g -DLCONFIG_INT=int  conftest.c >&5
configure:10258: $? = 0
configure:10258: gcc -c -O0 -g -DLCONFIG_INT=int  conftest.c >&5
conftest.c: In function 'main':
conftest.c:79:21: error: expected expression before ')' token
   79 | if (sizeof ((size_t)))
      |                     ^
configure:10258: $? = 1
configure: failed program was:
| /* confdefs.h */
| #define PACKAGE_NAME "SRxCryptoAPI"
| #define PACKAGE_TARNAME "srxcryptoapi"
| #define PACKAGE_VERSION "0.3.0.6"
| #define PACKAGE_STRING "SRxCryptoAPI 0.3.0.6"
| #define PACKAGE_BUGREPORT "itrg-contact@list.nist.gov"
| #define PACKAGE_URL ""
| #define PACKAGE "srxcryptoapi"
| #define VERSION "0.3.0.6"
| #define STDC_HEADERS 1
| #define HAVE_SYS_TYPES_H 1
| #define HAVE_SYS_STAT_H 1
| #define HAVE_STDLIB_H 1
| #define HAVE_STRING_H 1
| #define HAVE_MEMORY_H 1
| #define HAVE_STRINGS_H 1
| #define HAVE_INTTYPES_H 1
| #define HAVE_STDINT_H 1
| #define HAVE_UNISTD_H 1
| #define HAVE_DLFCN_H 1
| #define LT_OBJDIR ".libs/"
| #define HAVE__USR_INCLUDE_OPENSSL_CRYPTO_H 1
| #define HAVE__USR_INCLUDE_OPENSSL_BIO_H 1
| #define HAVE__USR_INCLUDE_OPENSSL_SHA_H 1
| #define HAVE__USR_INCLUDE_OPENSSL_EC_H 1
| #define HAVE__USR_INCLUDE_OPENSSL_ECDSA_H 1
| #define HAVE__USR_INCLUDE_OPENSSL_ERR_H 1
| #define HAVE_ASSERT_H 1
| #define HAVE_DLFCN_H 1
| #define HAVE_LIBCONFIG_H 1
| #define HAVE_MALLOC_H 1
| #define HAVE_STDARG_H 1
| #define HAVE_STDBOOL_H 1
| #define HAVE_STDDEF_H 1
| #define HAVE_STDIO_H 1
| #define HAVE_STDLIB_H 1
| #define HAVE_STRING_H 1
| #define HAVE_SYSLOG_H 1
| #define HAVE_SYS_PARAM_H 1
| #define HAVE_SYS_STAT_H 1
| #define HAVE_SYS_TYPES_H 1
| /* end confdefs.h.  */
| #include <stdio.h>
| #ifdef HAVE_SYS_TYPES_H
| # include <sys/types.h>
| #endif
| #ifdef HAVE_SYS_STAT_H
| # include <sys/stat.h>
| #endif
| #ifdef STDC_HEADERS
| # include <stdlib.h>
| # include <stddef.h>
| #else
| # ifdef HAVE_STDLIB_H
| #  include <stdlib.h>
| # endif
| #endif
| #ifdef HAVE_STRING_H
| # if !defined STDC_HEADERS && defined HAVE_MEMORY_H
| #  include <memory.h>
| # endif
| # include <string.h>
| #endif
| #ifdef HAVE_STRINGS_H
| # include <strings.h>
| #endif
| #ifdef HAVE_INTTYPES_H
| # include <inttypes.h>
| #endif
| #ifdef HAVE_STDINT_H
| # include <stdint.h>
| #endif
| #ifdef HAVE_UNISTD_H
| # include <unistd.h>
| #endif
| int
| main ()
| {
| if (sizeof ((size_t)))
| 	    return 0;
|   ;
|   return 0;
| }
configure:10258: result: yes
configure:10273: checking for stdlib.h
configure:10273: result: yes
configure:10283: checking for GNU libc compatible malloc
configure:10307: gcc -o conftest -O0 -g -DLCONFIG_INT=int   conftest.c -lconfig -ldl  >&5
configure:10307: $? = 0
configure:10307: ./conftest
configure:10307: $? = 0
configure:10317: result: yes
configure:10340: checking for memset
configure:10340: gcc -o conftest -O0 -g -DLCONFIG_INT=int   conftest.c -lconfig -ldl  >&5
conftest.c:68:6: warning: conflicting types for built-in function 'memset'; expected 'void *(void *, int,  long unsigned int)' [-Wbuiltin-declaration-mismatch]
   68 | char memset ();
      |      ^~~~~~
conftest.c:56:1: note: 'memset' is declared in header '<string.h>'
   55 | # include <limits.h>
   56 | #else
configure:10340: $? = 0
configure:10340: result: yes
configure:10352: checking whether MEM_CHECK will be activated
configure:10362: result: no
configure:10431: checking whether .a and .la libraries will be added to rpm distribution
configure:10441: result: no
configure:10456: checking whether module bgpsec-openssl will be added
configure:10466: result: yes
configure:10473: checking uthash.h usability
configure:10473: gcc -c -O0 -g -DLCONFIG_INT=int  conftest.c >&5
configure:10473: $? = 0
configure:10473: result: yes
configure:10473: checking uthash.h presence
configure:10473: gcc -E  conftest.c
configure:10473: $? = 0
configure:10473: result: yes
configure:10473: checking for uthash.h
configure:10473: result: yes
configure:10499: checking whether module testlib will be added
configure:10509: result: yes
configure:10561: checking whether system supports IPv6
configure:10565: result: Linux IPv6
configure:10574: checking whether libc has IPv6 support
configure:10588: gcc -o conftest -O0 -g -DLCONFIG_INT=int -DCPU_64   conftest.c -lconfig -ldl  >&5
configure:10588: $? = 0
configure:10595: result: yes
configure:10607: checking compiling test for ltdl
configure:10623: gcc -c -O0 -g -DLCONFIG_INT=int -DCPU_64  conftest.c >&5
conftest.c:49:28: fatal error: ltdl.h: No such file or directory
   49 |                    #include<ltdl.h>
      |                            ^~~~~~~~
compilation terminated.
configure:10623: $? = 1
configure: failed program was:
| /* confdefs.h */
| #define PACKAGE_NAME "SRxCryptoAPI"
| #define PACKAGE_TARNAME "srxcryptoapi"
| #define PACKAGE_VERSION "0.3.0.6"
| #define PACKAGE_STRING "SRxCryptoAPI 0.3.0.6"
| #define PACKAGE_BUGREPORT "itrg-contact@list.nist.gov"
| #define PACKAGE_URL ""
| #define PACKAGE "srxcryptoapi"
| #define VERSION "0.3.0.6"
| #define STDC_HEADERS 1
| #define HAVE_SYS_TYPES_H 1
| #define HAVE_SYS_STAT_H 1
| #define HAVE_STDLIB_H 1
| #define HAVE_STRING_H 1
| #define HAVE_MEMORY_H 1
| #define HAVE_STRINGS_H 1
| #define HAVE_INTTYPES_H 1
| #define HAVE_STDINT_H 1
| #define HAVE_UNISTD_H 1
| #define HAVE_DLFCN_H 1
| #define LT_OBJDIR ".libs/"
| #define HAVE__USR_INCLUDE_OPENSSL_CRYPTO_H 1
| #define HAVE__USR_INCLUDE_OPENSSL_BIO_H 1
| #define HAVE__USR_INCLUDE_OPENSSL_SHA_H 1
| #define HAVE__USR_INCLUDE_OPENSSL_EC_H 1
| #define HAVE__USR_INCLUDE_OPENSSL_ECDSA_H 1
| #define HAVE__USR_INCLUDE_OPENSSL_ERR_H 1
| #define HAVE_ASSERT_H 1
| #define HAVE_DLFCN_H 1
| #define HAVE_LIBCONFIG_H 1
| #define HAVE_MALLOC_H 1
| #define HAVE_STDARG_H 1
| #define HAVE_STDBOOL_H 1
| #define HAVE_STDDEF_H 1
| #define HAVE_STDIO_H 1
| #define HAVE_STDLIB_H 1
| #define HAVE_STRING_H 1
| #define HAVE_SYSLOG_H 1
| #define HAVE_SYS_PARAM_H 1
| #define HAVE_SYS_STAT_H 1
| #define HAVE_SYS_TYPES_H 1
| #define HAVE_STDLIB_H 1
| #define HAVE_MALLOC 1
| #define HAVE_MEMSET 1
| #define HAVE_UTHASH_H 1
| #define HAVE_IPV6 1
| /* end confdefs.h.  */
| 
|                    #include<ltdl.h>
| 
| int
| main ()
| {
| 
|   ;
|   return 0;
| }
configure:10627: result: ltdl header: no
configure:10635: checking libtool dynamic loader link availability
configure:10654: gcc -o conftest -O0 -g -DLCONFIG_INT=int -DCPU_64   conftest.c -lconfig -ldl  -lltdl >&5
conftest.c:49:28: fatal error: ltdl.h: No such file or directory
   49 |                    #include<ltdl.h>
      |                            ^~~~~~~~
compilation terminated.
configure:10654: $? = 1
configure: failed program was:
| /* confdefs.h */
| #define PACKAGE_NAME "SRxCryptoAPI"
| #define PACKAGE_TARNAME "srxcryptoapi"
| #define PACKAGE_VERSION "0.3.0.6"
| #define PACKAGE_STRING "SRxCryptoAPI 0.3.0.6"
| #define PACKAGE_BUGREPORT "itrg-contact@list.nist.gov"
| #define PACKAGE_URL ""
| #define PACKAGE "srxcryptoapi"
| #define VERSION "0.3.0.6"
| #define STDC_HEADERS 1
| #define HAVE_SYS_TYPES_H 1
| #define HAVE_SYS_STAT_H 1
| #define HAVE_STDLIB_H 1
| #define HAVE_STRING_H 1
| #define HAVE_MEMORY_H 1
| #define HAVE_STRINGS_H 1
| #define HAVE_INTTYPES_H 1
| #define HAVE_STDINT_H 1
| #define HAVE_UNISTD_H 1
| #define HAVE_DLFCN_H 1
| #define LT_OBJDIR ".libs/"
| #define HAVE__USR_INCLUDE_OPENSSL_CRYPTO_H 1
| #define HAVE__USR_INCLUDE_OPENSSL_BIO_H 1
| #define HAVE__USR_INCLUDE_OPENSSL_SHA_H 1
| #define HAVE__USR_INCLUDE_OPENSSL_EC_H 1
| #define HAVE__USR_INCLUDE_OPENSSL_ECDSA_H 1
| #define HAVE__USR_INCLUDE_OPENSSL_ERR_H 1
| #define HAVE_ASSERT_H 1
| #define HAVE_DLFCN_H 1
| #define HAVE_LIBCONFIG_H 1
| #define HAVE_MALLOC_H 1
| #define HAVE_STDARG_H 1
| #define HAVE_STDBOOL_H 1
| #define HAVE_STDDEF_H 1
| #define HAVE_STDIO_H 1
| #define HAVE_STDLIB_H 1
| #define HAVE_STRING_H 1
| #define HAVE_SYSLOG_H 1
| #define HAVE_SYS_PARAM_H 1
| #define HAVE_SYS_STAT_H 1
| #define HAVE_SYS_TYPES_H 1
| #define HAVE_STDLIB_H 1
| #define HAVE_MALLOC 1
| #define HAVE_MEMSET 1
| #define HAVE_UTHASH_H 1
| #define HAVE_IPV6 1
| /* end confdefs.h.  */
| 
|                    #include<ltdl.h>
| 
| int
| main ()
| {
| 
|                     int ltdl;
|                     LTDL_SET_PRELOADED_SYMBOLS();
|                     ltdl = lt_dlinit();
| 
|   ;
|   return 0;
| }
configure:10658: result: availability: no
configure:10669: checking ltdl patch capability
configure:10785: checking preload symbol status
configure:10787: result: need: yes  avaliable: no
configure:10927: checking that generated files are newer than configure
configure:10933: result: done
configure:10968: creating ./config.status

## ---------------------- ##
## Running config.status. ##
## ---------------------- ##

This file was extended by SRxCryptoAPI config.status 0.3.0.6, which was
generated by GNU Autoconf 2.69.  Invocation command line was

  CONFIG_FILES    = 
  CONFIG_HEADERS  = 
  CONFIG_LINKS    = 
  CONFIG_COMMANDS = 
  $ ./config.status 

on nils-VirtualBox

config.status:1138: creating Makefile
config.status:1138: creating bgpsec_openssl/Makefile
config.status:1138: creating crypto_testlib/Makefile
config.status:1138: creating srxcryptoapi.conf
config.status:1138: creating srxcryptoapi-0.3.0.6.spec
config.status:1138: creating srxcryptoapi-devel-0.3.0.6.spec
config.status:1138: creating srxcryptoapi_lib64.conf
config.status:1138: creating config.h
config.status:1319: config.h is unchanged
config.status:1367: executing depfiles commands
config.status:1444: cd .       && sed -e '/# am--include-marker/d' Makefile         | make -f - am--depfiles
make: Nothing to be done for 'am--depfiles'.
config.status:1449: $? = 0
config.status:1444: cd bgpsec_openssl       && sed -e '/# am--include-marker/d' Makefile         | make -f - am--depfiles
make: Nothing to be done for 'am--depfiles'.
config.status:1449: $? = 0
config.status:1444: cd crypto_testlib       && sed -e '/# am--include-marker/d' Makefile         | make -f - am--depfiles
make: Nothing to be done for 'am--depfiles'.
config.status:1449: $? = 0
config.status:1367: executing libtool commands

## ---------------- ##
## Cache variables. ##
## ---------------- ##

ac_cv_build=x86_64-pc-linux-gnu
ac_cv_c_compiler_gnu=yes
ac_cv_env_CC_set=
ac_cv_env_CC_value=
ac_cv_env_CFLAGS_set=set
ac_cv_env_CFLAGS_value='-O0 -g'
ac_cv_env_CPPFLAGS_set=
ac_cv_env_CPPFLAGS_value=
ac_cv_env_CPP_set=
ac_cv_env_CPP_value=
ac_cv_env_LDFLAGS_set=
ac_cv_env_LDFLAGS_value=
ac_cv_env_LIBS_set=
ac_cv_env_LIBS_value=
ac_cv_env_LT_SYS_LIBRARY_PATH_set=
ac_cv_env_LT_SYS_LIBRARY_PATH_value=
ac_cv_env_build_alias_set=
ac_cv_env_build_alias_value=
ac_cv_env_host_alias_set=
ac_cv_env_host_alias_value=
ac_cv_env_openssl_dir_set=
ac_cv_env_openssl_dir_value=
ac_cv_env_target_alias_set=
ac_cv_env_target_alias_value=
ac_cv_func_dlopen=no
ac_cv_func_malloc_0_nonnull=yes
ac_cv_func_memset=yes
ac_cv_func_shl_load=no
ac_cv_header__usr_include_openssl_bio_h=yes
ac_cv_header__usr_include_openssl_crypto_h=yes
ac_cv_header__usr_include_openssl_ec_h=yes
ac_cv_header__usr_include_openssl_ecdsa_h=yes
ac_cv_header__usr_include_openssl_err_h=yes
ac_cv_header__usr_include_openssl_sha_h=yes
ac_cv_header_assert_h=yes
ac_cv_header_dlfcn_h=yes
ac_cv_header_inttypes_h=yes
ac_cv_header_libconfig_h=yes
ac_cv_header_malloc_h=yes
ac_cv_header_memory_h=yes
ac_cv_header_stdarg_h=yes
ac_cv_header_stdbool_h=yes
ac_cv_header_stdc=yes
ac_cv_header_stddef_h=yes
ac_cv_header_stdint_h=yes
ac_cv_header_stdio_h=yes
ac_cv_header_stdlib_h=yes
ac_cv_header_string_h=yes
ac_cv_header_strings_h=yes
ac_cv_header_sys_param_h=yes
ac_cv_header_sys_stat_h=yes
ac_cv_header_sys_types_h=yes
ac_cv_header_syslog_h=yes
ac_cv_header_unistd_h=yes
ac_cv_header_uthash_h=yes
ac_cv_host=x86_64-pc-linux-gnu
ac_cv_lib_dl_dlopen=yes
ac_cv_lib_dld_shl_load=no
ac_cv_objext=o
ac_cv_path_EGREP='/usr/bin/grep -E'
ac_cv_path_FGREP='/usr/bin/grep -F'
ac_cv_path_GREP=/usr/bin/grep
ac_cv_path_SED=/usr/bin/sed
ac_cv_path_install='/usr/bin/install -c'
ac_cv_path_lt_DD=/usr/bin/dd
ac_cv_path_mkdir=/usr/bin/mkdir
ac_cv_prog_AWK=mawk
ac_cv_prog_CPP='gcc -E'
ac_cv_prog_ac_ct_AR=ar
ac_cv_prog_ac_ct_CC=gcc
ac_cv_prog_ac_ct_FILECMD=file
ac_cv_prog_ac_ct_MANIFEST_TOOL=mt
ac_cv_prog_ac_ct_OBJDUMP=objdump
ac_cv_prog_ac_ct_RANLIB=ranlib
ac_cv_prog_ac_ct_STRIP=strip
ac_cv_prog_cc_c89=
ac_cv_prog_cc_g=yes
ac_cv_prog_make_make_set=yes
ac_cv_search_config_init=-lconfig
ac_cv_search_dlopen=-ldl
ac_cv_type_size_t=yes
am_cv_CC_dependencies_compiler_type=gcc3
am_cv_ar_interface=ar
am_cv_make_support_nested_variables=yes
am_cv_prog_cc_c_o=yes
lt_cv_ar_at_file=@
lt_cv_archive_cmds_need_lc=no
lt_cv_deplibs_check_method=pass_all
lt_cv_dlopen=dlopen
lt_cv_dlopen_libs=-ldl
lt_cv_dlopen_self=yes
lt_cv_dlopen_self_static=no
lt_cv_file_magic_cmd='$MAGIC_CMD'
lt_cv_file_magic_test_file=
lt_cv_ld_reload_flag=-r
lt_cv_nm_interface='BSD nm'
lt_cv_objdir=.libs
lt_cv_path_LD=/usr/bin/ld
lt_cv_path_NM='/usr/bin/nm -B'
lt_cv_path_mainfest_tool=no
lt_cv_prog_compiler_c_o=yes
lt_cv_prog_compiler_pic='-fPIC -DPIC'
lt_cv_prog_compiler_pic_works=yes
lt_cv_prog_compiler_rtti_exceptions=no
lt_cv_prog_compiler_static_works=yes
lt_cv_prog_gnu_ld=yes
lt_cv_sharedlib_from_linklib_cmd='printf %s\n'
lt_cv_shlibpath_overrides_runpath=yes
lt_cv_sys_global_symbol_pipe='/usr/bin/sed -n -e '\''s/^.*[	 ]\([ABCDGIRSTW][ABCDGIRSTW]*\)[	 ][	 ]*\([_A-Za-z][_A-Za-z0-9]*\)$/\1 \2 \2/p'\'' | /usr/bin/sed '\''/ __gnu_lto/d'\'''
lt_cv_sys_global_symbol_to_c_name_address='/usr/bin/sed -n -e '\''s/^: \(.*\) .*$/  {"\1", (void *) 0},/p'\'' -e '\''s/^[ABCDGIRSTW][ABCDGIRSTW]* .* \(.*\)$/  {"\1", (void *) \&\1},/p'\'''
lt_cv_sys_global_symbol_to_c_name_address_lib_prefix='/usr/bin/sed -n -e '\''s/^: \(.*\) .*$/  {"\1", (void *) 0},/p'\'' -e '\''s/^[ABCDGIRSTW][ABCDGIRSTW]* .* \(lib.*\)$/  {"\1", (void *) \&\1},/p'\'' -e '\''s/^[ABCDGIRSTW][ABCDGIRSTW]* .* \(.*\)$/  {"lib\1", (void *) \&\1},/p'\'''
lt_cv_sys_global_symbol_to_cdecl='/usr/bin/sed -n -e '\''s/^T .* \(.*\)$/extern int \1();/p'\'' -e '\''s/^[ABCDGIRSTW][ABCDGIRSTW]* .* \(.*\)$/extern char \1;/p'\'''
lt_cv_sys_global_symbol_to_import=
lt_cv_sys_max_cmd_len=1572864
lt_cv_to_host_file_cmd=func_convert_file_noop
lt_cv_to_tool_file_cmd=func_convert_file_noop
lt_cv_truncate_bin='/usr/bin/dd bs=4096 count=1'

## ----------------- ##
## Output variables. ##
## ----------------- ##

ACLOCAL='${SHELL} /home/nils/Dokumente/ASPA/NIST-BGP-SRx/srx-crypto-api/missing aclocal-1.16'
AMDEPBACKSLASH='\'
AMDEP_FALSE='#'
AMDEP_TRUE=''
AMTAR='$${TAR-tar}'
AM_BACKSLASH='\'
AM_DEFAULT_V='$(AM_DEFAULT_VERBOSITY)'
AM_DEFAULT_VERBOSITY='1'
AM_V='$(V)'
AR='ar'
AUTOCONF='${SHELL} /home/nils/Dokumente/ASPA/NIST-BGP-SRx/srx-crypto-api/missing autoconf'
AUTOHEADER='${SHELL} /home/nils/Dokumente/ASPA/NIST-BGP-SRx/srx-crypto-api/missing autoheader'
AUTOMAKE='${SHELL} /home/nils/Dokumente/ASPA/NIST-BGP-SRx/srx-crypto-api/missing automake-1.16'
AWK='mawk'
BGPSEC_OPENSSL='bgpsec_openssl'
CC='gcc'
CCDEPMODE='depmode=gcc3'
CFG_PREFIX='/home/nils/Dokumente/ASPA/NIST-BGP-SRx/local-6.3.3'
CFLAGS='-O0 -g -DLCONFIG_INT=int -DCPU_64'
CPP='gcc -E'
CPPFLAGS=''
CPU_ARCH='64'
CRYPTO_TESTLIB='crypto_testlib'
CYGPATH_W='echo'
DEFS='-DHAVE_CONFIG_H'
DEPDIR='.deps'
DLLTOOL='false'
DOLLAR_SIGN='$'
DSYMUTIL=''
DUMPBIN=''
ECHO_C=''
ECHO_N='-n'
ECHO_T=''
EGREP='/usr/bin/grep -E'
EXEEXT=''
FGREP='/usr/bin/grep -F'
FILECMD='file'
GREP='/usr/bin/grep'
HAVE_LIBCONFIG='1'
INSTALL_DATA='${INSTALL} -m 644'
INSTALL_PROGRAM='${INSTALL}'
INSTALL_SCRIPT='${INSTALL}'
INSTALL_STRIP_PROGRAM='$(install_sh) -c -s'
LCONFIG_INT='int'
LD='/usr/bin/ld -m elf_x86_64'
LDFLAGS=''
LIBOBJS=''
LIBS='-lconfig -ldl '
LIBTOOL='$(SHELL) $(top_builddir)/libtool'
LIB_VER_INFO='3:0:0'
LIB_VER_INFO_COND_FALSE='#'
LIB_VER_INFO_COND_TRUE=''
LIPO=''
LN_S='ln -s'
LTLIBOBJS=''
LT_SYS_LIBRARY_PATH=''
MAJOR_VER='3'
MAKEINFO='${SHELL} /home/nils/Dokumente/ASPA/NIST-BGP-SRx/srx-crypto-api/missing makeinfo'
MANIFEST_TOOL=':'
MCHECK=''
MINOR_VER='0'
MKDIR_P='/usr/bin/mkdir -p'
NM='/usr/bin/nm -B'
NMEDIT=''
OBJDUMP='objdump'
OBJEXT='o'
OPENSSL_CFLAGS=''
OPENSSL_LDFLAGS=''
OPENSSL_LIBS='-lcrypto -lssl '
OS_UBUNTU_COND_FALSE='#'
OS_UBUNTU_COND_TRUE=''
OTOOL64=''
OTOOL=''
PACKAGE='srxcryptoapi'
PACKAGE_BUGREPORT='itrg-contact@list.nist.gov'
PACKAGE_NAME='SRxCryptoAPI'
PACKAGE_STRING='SRxCryptoAPI 0.3.0.6'
PACKAGE_TARNAME='srxcryptoapi'
PACKAGE_URL=''
PACKAGE_VERSION='0.3.0.6'
PATH_SEPARATOR=':'
PKG_VER='0'
RANLIB='ranlib'
SED='/usr/bin/sed'
SET_MAKE=''
SHELL='/bin/bash'
SRX_DIR='srx'
STRIP='strip'
UPD_VER='6'
VERSION='0.3.0.6'
VER_INFO='3.0.0'
ac_ct_AR='ar'
ac_ct_CC='gcc'
ac_ct_DUMPBIN=''
am__EXEEXT_FALSE=''
am__EXEEXT_TRUE='#'
am__fastdepCC_FALSE='#'
am__fastdepCC_TRUE=''
am__include='include'
am__isrc=''
am__leading_dot='.'
am__nodep='_no'
am__quote=''
am__tar='$${TAR-tar} chof - "$$tardir"'
am__untar='$${TAR-tar} xf -'
bindir='${exec_prefix}/bin'
build='x86_64-pc-linux-gnu'
build_alias=''
build_cpu='x86_64'
build_os='linux-gnu'
build_vendor='pc'
datadir='${datarootdir}'
datarootdir='${prefix}/share'
docdir='${datarootdir}/doc/${PACKAGE_TARNAME}'
dvidir='${docdir}'
exec_prefix='${prefix}'
host='x86_64-pc-linux-gnu'
host_alias=''
host_cpu='x86_64'
host_os='linux-gnu'
host_vendor='pc'
htmldir='${docdir}'
incl_la_lib='no'
includedir='${prefix}/include'
infodir='${datarootdir}/info'
install_sh='${SHELL} /home/nils/Dokumente/ASPA/NIST-BGP-SRx/srx-crypto-api/install-sh'
libdir='${exec_prefix}/lib64/srx'
libexecdir='${exec_prefix}/libexec'
localedir='${datarootdir}/locale'
localstatedir='${prefix}/var'
mandir='${datarootdir}/man'
mkdir_p='$(MKDIR_P)'
oldincludedir='/usr/include'
openssl_dir=''
pdfdir='${docdir}'
prefix='/home/nils/Dokumente/ASPA/NIST-BGP-SRx/local-6.3.3'
program_transform_name='s,x,x,'
psdir='${docdir}'
runstatedir='${localstatedir}/run'
sbindir='${exec_prefix}/sbin'
sharedstatedir='${prefix}/com'
sysconfdir='${prefix}/etc'
target_alias=''

## ----------- ##
## confdefs.h. ##
## ----------- ##

/* confdefs.h */
#define PACKAGE_NAME "SRxCryptoAPI"
#define PACKAGE_TARNAME "srxcryptoapi"
#define PACKAGE_VERSION "0.3.0.6"
#define PACKAGE_STRING "SRxCryptoAPI 0.3.0.6"
#define PACKAGE_BUGREPORT "itrg-contact@list.nist.gov"
#define PACKAGE_URL ""
#define PACKAGE "srxcryptoapi"
#define VERSION "0.3.0.6"
#define STDC_HEADERS 1
#define HAVE_SYS_TYPES_H 1
#define HAVE_SYS_STAT_H 1
#define HAVE_STDLIB_H 1
#define HAVE_STRING_H 1
#define HAVE_MEMORY_H 1
#define HAVE_STRINGS_H 1
#define HAVE_INTTYPES_H 1
#define HAVE_STDINT_H 1
#define HAVE_UNISTD_H 1
#define HAVE_DLFCN_H 1
#define LT_OBJDIR ".libs/"
#define HAVE__USR_INCLUDE_OPENSSL_CRYPTO_H 1
#define HAVE__USR_INCLUDE_OPENSSL_BIO_H 1
#define HAVE__USR_INCLUDE_OPENSSL_SHA_H 1
#define HAVE__USR_INCLUDE_OPENSSL_EC_H 1
#define HAVE__USR_INCLUDE_OPENSSL_ECDSA_H 1
#define HAVE__USR_INCLUDE_OPENSSL_ERR_H 1
#define HAVE_ASSERT_H 1
#define HAVE_DLFCN_H 1
#define HAVE_LIBCONFIG_H 1
#define HAVE_MALLOC_H 1
#define HAVE_STDARG_H 1
#define HAVE_STDBOOL_H 1
#define HAVE_STDDEF_H 1
#define HAVE_STDIO_H 1
#define HAVE_STDLIB_H 1
#define HAVE_STRING_H 1
#define HAVE_SYSLOG_H 1
#define HAVE_SYS_PARAM_H 1
#define HAVE_SYS_STAT_H 1
#define HAVE_SYS_TYPES_H 1
#define HAVE_STDLIB_H 1
#define HAVE_MALLOC 1
#define HAVE_MEMSET 1
#define HAVE_UTHASH_H 1
#define HAVE_IPV6 1

configure: exit 0
