This file contains any messages produced by compilers while
running configure, to aid debugging if configure makes a mistake.

It was created by SRx configure 0.6.2.1, which was
generated by GNU Autoconf 2.69.  Invocation command line was

  $ ./configure --disable-option-checking --prefix=/home/nils/Dokumente/ASPA/NIST-BGP-SRx/local-6.3.3 sca_dir=/home/nils/Dokumente/ASPA/NIST-BGP-SRx/local-6.3.3 CFLAGS=-O0 -g --cache-file=/dev/null --srcdir=.

## --------- ##
## Platform. ##
## --------- ##

hostname = nils-VirtualBox
uname -m = x86_64
uname -r = 5.15.0-139-generic
uname -s = Linux
uname -v = #149~20.04.1-Ubuntu SMP Wed Apr 16 08:29:56 UTC 2025

/usr/bin/uname -p = x86_64
/bin/uname -X     = unknown

/bin/arch              = x86_64
/usr/bin/arch -k       = unknown
/usr/convex/getsysinfo = unknown
/usr/bin/hostinfo      = unknown
/bin/machine           = unknown
/usr/bin/oslevel       = unknown
/bin/universe          = unknown

PATH: /usr/local/sbin
PATH: /usr/local/bin
PATH: /usr/sbin
PATH: /usr/bin
PATH: /sbin
PATH: /bin
PATH: /snap/bin


## ----------- ##
## Core tests. ##
## ----------- ##

configure:2425: checking for a BSD-compatible install
configure:2493: result: /usr/bin/install -c
configure:2504: checking whether build environment is sane
configure:2559: result: yes
configure:2708: checking for a thread-safe mkdir -p
configure:2747: result: /usr/bin/mkdir -p
configure:2754: checking for gawk
configure:2784: result: no
configure:2754: checking for mawk
configure:2770: found /usr/bin/mawk
configure:2781: result: mawk
configure:2792: checking whether make sets $(MAKE)
configure:2814: result: yes
configure:2843: checking whether make supports nested variables
configure:2860: result: yes
configure:3016: checking build system type
configure:3030: result: x86_64-pc-linux-gnu
configure:3050: checking host system type
configure:3063: result: x86_64-pc-linux-gnu
configure:3104: checking how to print strings
configure:3131: result: printf
configure:3156: checking whether make supports the include directive
configure:3171: make -f confmf.GNU && cat confinc.out
this is the am__doit target
configure:3174: $? = 0
configure:3193: result: yes (GNU style)
configure:3263: checking for gcc
configure:3279: found /usr/bin/gcc
configure:3290: result: gcc
configure:3519: checking for C compiler version
configure:3528: gcc --version >&5
gcc (Ubuntu 9.4.0-1ubuntu1~20.04.2) 9.4.0
Copyright (C) 2019 Free Software Foundation, Inc.
This is free software; see the source for copying conditions.  There is NO
warranty; not even for MERCHANTABILITY or FITNESS FOR A PARTICULAR PURPOSE.

configure:3539: $? = 0
configure:3528: gcc -v >&5
Using built-in specs.
COLLECT_GCC=gcc
COLLECT_LTO_WRAPPER=/usr/lib/gcc/x86_64-linux-gnu/9/lto-wrapper
OFFLOAD_TARGET_NAMES=nvptx-none:hsa
OFFLOAD_TARGET_DEFAULT=1
Target: x86_64-linux-gnu
Configured with: ../src/configure -v --with-pkgversion='Ubuntu 9.4.0-1ubuntu1~20.04.2' --with-bugurl=file:///usr/share/doc/gcc-9/README.Bugs --enable-languages=c,ada,c++,go,brig,d,fortran,objc,obj-c++,gm2 --prefix=/usr --with-gcc-major-version-only --program-suffix=-9 --program-prefix=x86_64-linux-gnu- --enable-shared --enable-linker-build-id --libexecdir=/usr/lib --without-included-gettext --enable-threads=posix --libdir=/usr/lib --enable-nls --enable-clocale=gnu --enable-libstdcxx-debug --enable-libstdcxx-time=yes --with-default-libstdcxx-abi=new --enable-gnu-unique-object --disable-vtable-verify --enable-plugin --enable-default-pie --with-system-zlib --with-target-system-zlib=auto --enable-objc-gc=auto --enable-multiarch --disable-werror --with-arch-32=i686 --with-abi=m64 --with-multilib-list=m32,m64,mx32 --enable-multilib --with-tune=generic --enable-offload-targets=nvptx-none=/build/gcc-9-9QDOt0/gcc-9-9.4.0/debian/tmp-nvptx/usr,hsa --without-cuda-driver --enable-checking=release --build=x86_64-linux-gnu --host=x86_64-linux-gnu --target=x86_64-linux-gnu
Thread model: posix
gcc version 9.4.0 (Ubuntu 9.4.0-1ubuntu1~20.04.2) 
configure:3539: $? = 0
configure:3528: gcc -V >&5
gcc: error: unrecognized command line option '-V'
gcc: fatal error: no input files
compilation terminated.
configure:3539: $? = 1
configure:3528: gcc -qversion >&5
gcc: error: unrecognized command line option '-qversion'; did you mean '--version'?
gcc: fatal error: no input files
compilation terminated.
configure:3539: $? = 1
configure:3559: checking whether the C compiler works
configure:3581: gcc -O0 -g   conftest.c  >&5
configure:3585: $? = 0
configure:3633: result: yes
configure:3636: checking for C compiler default output file name
configure:3638: result: a.out
configure:3644: checking for suffix of executables
configure:3651: gcc -o conftest -O0 -g   conftest.c  >&5
configure:3655: $? = 0
configure:3677: result: 
configure:3699: checking whether we are cross compiling
configure:3707: gcc -o conftest -O0 -g   conftest.c  >&5
configure:3711: $? = 0
configure:3718: ./conftest
configure:3722: $? = 0
configure:3710: result: no
configure:3715: checking for suffix of object files
configure:3737: gcc -c -O0 -g  conftest.c >&5
configure:3741: $? = 0
configure:3762: result: o
configure:3766: checking whether we are using the GNU C compiler
configure:3785: gcc -c -O0 -g  conftest.c >&5
configure:3785: $? = 0
configure:3794: result: yes
configure:3803: checking whether gcc accepts -g
configure:3823: gcc -c -g  conftest.c >&5
configure:3823: $? = 0
configure:3864: result: yes
configure:3881: checking for gcc option to accept ISO C89
configure:3944: gcc  -c -O0 -g  conftest.c >&5
configure:3944: $? = 0
configure:3957: result: none needed
configure:3982: checking whether gcc understands -c and -o together
configure:4004: gcc -c conftest.c -o conftest2.o
configure:4007: $? = 0
configure:4004: gcc -c conftest.c -o conftest2.o
configure:4007: $? = 0
configure:4019: result: yes
configure:4038: checking dependency style of gcc
configure:4149: result: gcc3
configure:4164: checking for a sed that does not truncate output
configure:4228: result: /usr/bin/sed
configure:4246: checking for grep that handles long lines and -e
configure:4304: result: /usr/bin/grep
configure:4309: checking for egrep
configure:4371: result: /usr/bin/grep -E
configure:4376: checking for fgrep
configure:4438: result: /usr/bin/grep -F
configure:4473: checking for ld used by gcc
configure:4540: result: /usr/bin/ld
configure:4547: checking if the linker (/usr/bin/ld) is GNU ld
configure:4562: result: yes
configure:4574: checking for BSD- or MS-compatible name lister (nm)
configure:4628: result: /usr/bin/nm -B
configure:4758: checking the name lister (/usr/bin/nm -B) interface
configure:4765: gcc -c -O0 -g  conftest.c >&5
configure:4768: /usr/bin/nm -B "conftest.o"
configure:4771: output
0000000000000000 B some_variable
configure:4772: result: BSD nm
configure:4775: checking whether ln -s works
configure:4779: result: yes
configure:4787: checking the maximum length of command line arguments
configure:4918: result: 1572864
configure:4966: checking how to convert x86_64-pc-linux-gnu file names to x86_64-pc-linux-gnu format
configure:5006: result: func_convert_file_noop
configure:5013: checking how to convert x86_64-pc-linux-gnu file names to toolchain format
configure:5033: result: func_convert_file_noop
configure:5040: checking for /usr/bin/ld option to reload object files
configure:5047: result: -r
configure:5121: checking for file
configure:5137: found /usr/bin/file
configure:5148: result: file
configure:5219: checking for objdump
configure:5235: found /usr/bin/objdump
configure:5246: result: objdump
configure:5278: checking how to recognize dependent libraries
configure:5478: result: pass_all
configure:5563: checking for dlltool
configure:5593: result: no
configure:5623: checking how to associate runtime and link libraries
configure:5650: result: printf %s\n
configure:5711: checking for ar
configure:5727: found /usr/bin/ar
configure:5738: result: ar
configure:5791: checking for archiver @FILE support
configure:5808: gcc -c -O0 -g  conftest.c >&5
configure:5808: $? = 0
configure:5811: ar cr libconftest.a @conftest.lst >&5
configure:5814: $? = 0
configure:5819: ar cr libconftest.a @conftest.lst >&5
ar: conftest.o: No such file or directory
configure:5822: $? = 1
configure:5821: result: @
configure:5879: checking for strip
configure:5895: found /usr/bin/strip
configure:5906: result: strip
configure:5978: checking for ranlib
configure:5994: found /usr/bin/ranlib
configure:6005: result: ranlib
configure:6107: checking command to parse /usr/bin/nm -B output from gcc object
configure:6260: gcc -c -O0 -g  conftest.c >&5
configure:6263: $? = 0
configure:6267: /usr/bin/nm -B conftest.o | /usr/bin/sed -n -e 's/^.*[	 ]\([ABCDGIRSTW][ABCDGIRSTW]*\)[	 ][	 ]*\([_A-Za-z][_A-Za-z0-9]*\)$/\1 \2 \2/p' | /usr/bin/sed '/ __gnu_lto/d' > conftest.nm
configure:6333: gcc -o conftest -O0 -g   conftest.c conftstm.o >&5
configure:6336: $? = 0
configure:6374: result: ok
configure:6421: checking for sysroot
configure:6451: result: no
configure:6458: checking for a working dd
configure:6496: result: /usr/bin/dd
configure:6500: checking how to truncate binary pipes
configure:6515: result: /usr/bin/dd bs=4096 count=1
configure:6651: gcc -c -O0 -g  conftest.c >&5
configure:6654: $? = 0
configure:6844: checking for mt
configure:6860: found /usr/bin/mt
configure:6871: result: mt
configure:6894: checking if mt is a manifest tool
configure:6900: mt '-?'
configure:6908: result: no
configure:7580: checking how to run the C preprocessor
configure:7611: gcc -E  conftest.c
configure:7611: $? = 0
configure:7625: gcc -E  conftest.c
conftest.c:11:10: fatal error: ac_nonexistent.h: No such file or directory
   11 | #include <ac_nonexistent.h>
      |          ^~~~~~~~~~~~~~~~~~
compilation terminated.
configure:7625: $? = 1
configure: failed program was:
| /* confdefs.h */
| #define PACKAGE_NAME "SRx"
| #define PACKAGE_TARNAME "srx"
| #define PACKAGE_VERSION "0.6.2.1"
| #define PACKAGE_STRING "SRx 0.6.2.1"
| #define PACKAGE_BUGREPORT "itrg-contact@list.nist.gov"
| #define PACKAGE_URL "https://www.nist.gov/services-resources/software/bgp-secure-routing-extension-bgp-srx-prototype"
| #define PACKAGE "srx"
| #define VERSION "0.6.2.1"
| /* end confdefs.h.  */
| #include <ac_nonexistent.h>
configure:7650: result: gcc -E
configure:7670: gcc -E  conftest.c
configure:7670: $? = 0
configure:7684: gcc -E  conftest.c
conftest.c:11:10: fatal error: ac_nonexistent.h: No such file or directory
   11 | #include <ac_nonexistent.h>
      |          ^~~~~~~~~~~~~~~~~~
compilation terminated.
configure:7684: $? = 1
configure: failed program was:
| /* confdefs.h */
| #define PACKAGE_NAME "SRx"
| #define PACKAGE_TARNAME "srx"
| #define PACKAGE_VERSION "0.6.2.1"
| #define PACKAGE_STRING "SRx 0.6.2.1"
| #define PACKAGE_BUGREPORT "itrg-contact@list.nist.gov"
| #define PACKAGE_URL "https://www.nist.gov/services-resources/software/bgp-secure-routing-extension-bgp-srx-prototype"
| #define PACKAGE "srx"
| #define VERSION "0.6.2.1"
| /* end confdefs.h.  */
| #include <ac_nonexistent.h>
configure:7713: checking for ANSI C header files
configure:7733: gcc -c -O0 -g  conftest.c >&5
configure:7733: $? = 0
configure:7806: gcc -o conftest -O0 -g   conftest.c  >&5
configure:7806: $? = 0
configure:7806: ./conftest
configure:7806: $? = 0
configure:7817: result: yes
configure:7830: checking for sys/types.h
configure:7830: gcc -c -O0 -g  conftest.c >&5
configure:7830: $? = 0
configure:7830: result: yes
configure:7830: checking for sys/stat.h
configure:7830: gcc -c -O0 -g  conftest.c >&5
configure:7830: $? = 0
configure:7830: result: yes
configure:7830: checking for stdlib.h
configure:7830: gcc -c -O0 -g  conftest.c >&5
configure:7830: $? = 0
configure:7830: result: yes
configure:7830: checking for string.h
configure:7830: gcc -c -O0 -g  conftest.c >&5
configure:7830: $? = 0
configure:7830: result: yes
configure:7830: checking for memory.h
configure:7830: gcc -c -O0 -g  conftest.c >&5
configure:7830: $? = 0
configure:7830: result: yes
configure:7830: checking for strings.h
configure:7830: gcc -c -O0 -g  conftest.c >&5
configure:7830: $? = 0
configure:7830: result: yes
configure:7830: checking for inttypes.h
configure:7830: gcc -c -O0 -g  conftest.c >&5
configure:7830: $? = 0
configure:7830: result: yes
configure:7830: checking for stdint.h
configure:7830: gcc -c -O0 -g  conftest.c >&5
configure:7830: $? = 0
configure:7830: result: yes
configure:7830: checking for unistd.h
configure:7830: gcc -c -O0 -g  conftest.c >&5
configure:7830: $? = 0
configure:7830: result: yes
configure:7844: checking for dlfcn.h
configure:7844: gcc -c -O0 -g  conftest.c >&5
configure:7844: $? = 0
configure:7844: result: yes
configure:8099: checking for objdir
configure:8114: result: .libs
configure:8378: checking if gcc supports -fno-rtti -fno-exceptions
configure:8396: gcc -c -O0 -g  -fno-rtti -fno-exceptions conftest.c >&5
cc1: warning: command line option '-fno-rtti' is valid for C++/D/ObjC++ but not for C
configure:8400: $? = 0
configure:8413: result: no
configure:8777: checking for gcc option to produce PIC
configure:8784: result: -fPIC -DPIC
configure:8792: checking if gcc PIC flag -fPIC -DPIC works
configure:8810: gcc -c -O0 -g  -fPIC -DPIC -DPIC conftest.c >&5
configure:8814: $? = 0
configure:8827: result: yes
configure:8856: checking if gcc static flag -static works
configure:8884: result: yes
configure:8899: checking if gcc supports -c -o file.o
configure:8920: gcc -c -O0 -g  -o out/conftest2.o conftest.c >&5
configure:8924: $? = 0
configure:8946: result: yes
configure:8954: checking if gcc supports -c -o file.o
configure:9001: result: yes
configure:9034: checking whether the gcc linker (/usr/bin/ld -m elf_x86_64) supports shared libraries
configure:10301: result: yes
configure:10338: checking whether -lc should be explicitly linked in
configure:10346: gcc -c -O0 -g  conftest.c >&5
configure:10349: $? = 0
configure:10364: gcc -shared  -fPIC -DPIC conftest.o  -v -Wl,-soname -Wl,conftest -o conftest 2\>\&1 \| /usr/bin/grep  -lc  \>/dev/null 2\>\&1
configure:10367: $? = 0
configure:10381: result: no
configure:10541: checking dynamic linker characteristics
configure:11122: gcc -o conftest -O0 -g   -Wl,-rpath -Wl,/foo conftest.c  >&5
configure:11122: $? = 0
configure:11371: result: GNU/Linux ld.so
configure:11493: checking how to hardcode library paths into programs
configure:11518: result: immediate
configure:11620: checking for shl_load
configure:11620: gcc -o conftest -O0 -g   conftest.c  >&5
/usr/bin/ld: /tmp/ccYhJJXa.o: in function `main':
/home/nils/Dokumente/ASPA/NIST-BGP-SRx/srx-server/src/conftest.c:57: undefined reference to `shl_load'
collect2: error: ld returned 1 exit status
configure:11620: $? = 1
configure: failed program was:
| /* confdefs.h */
| #define PACKAGE_NAME "SRx"
| #define PACKAGE_TARNAME "srx"
| #define PACKAGE_VERSION "0.6.2.1"
| #define PACKAGE_STRING "SRx 0.6.2.1"
| #define PACKAGE_BUGREPORT "itrg-contact@list.nist.gov"
| #define PACKAGE_URL "https://www.nist.gov/services-resources/software/bgp-secure-routing-extension-bgp-srx-prototype"
| #define PACKAGE "srx"
| #define VERSION "0.6.2.1"
| #define STDC_HEADERS 1
| #define HAVE_SYS_TYPES_H 1
| #define HAVE_SYS_STAT_H 1
| #define HAVE_STDLIB_H 1
| #define HAVE_STRING_H 1
| #define HAVE_MEMORY_H 1
| #define HAVE_STRINGS_H 1
| #define HAVE_INTTYPES_H 1
| #define HAVE_STDINT_H 1
| #define HAVE_UNISTD_H 1
| #define HAVE_DLFCN_H 1
| #define LT_OBJDIR ".libs/"
| /* end confdefs.h.  */
| /* Define shl_load to an innocuous variant, in case <limits.h> declares shl_load.
|    For example, HP-UX 11i <limits.h> declares gettimeofday.  */
| #define shl_load innocuous_shl_load
| 
| /* System header to define __stub macros and hopefully few prototypes,
|     which can conflict with char shl_load (); below.
|     Prefer <limits.h> to <assert.h> if __STDC__ is defined, since
|     <limits.h> exists even on freestanding compilers.  */
| 
| #ifdef __STDC__
| # include <limits.h>
| #else
| # include <assert.h>
| #endif
| 
| #undef shl_load
| 
| /* Override any GCC internal prototype to avoid an error.
|    Use char because int might match the return type of a GCC
|    builtin and then its argument prototype would still apply.  */
| #ifdef __cplusplus
| extern "C"
| #endif
| char shl_load ();
| /* The GNU C library defines this for functions which it implements
|     to always fail with ENOSYS.  Some functions are actually named
|     something starting with __ and the normal name is an alias.  */
| #if defined __stub_shl_load || defined __stub___shl_load
| choke me
| #endif
| 
| int
| main ()
| {
| return shl_load ();
|   ;
|   return 0;
| }
configure:11620: result: no
configure:11624: checking for shl_load in -ldld
configure:11649: gcc -o conftest -O0 -g   conftest.c -ldld   >&5
/usr/bin/ld: cannot find -ldld
collect2: error: ld returned 1 exit status
configure:11649: $? = 1
configure: failed program was:
| /* confdefs.h */
| #define PACKAGE_NAME "SRx"
| #define PACKAGE_TARNAME "srx"
| #define PACKAGE_VERSION "0.6.2.1"
| #define PACKAGE_STRING "SRx 0.6.2.1"
| #define PACKAGE_BUGREPORT "itrg-contact@list.nist.gov"
| #define PACKAGE_URL "https://www.nist.gov/services-resources/software/bgp-secure-routing-extension-bgp-srx-prototype"
| #define PACKAGE "srx"
| #define VERSION "0.6.2.1"
| #define STDC_HEADERS 1
| #define HAVE_SYS_TYPES_H 1
| #define HAVE_SYS_STAT_H 1
| #define HAVE_STDLIB_H 1
| #define HAVE_STRING_H 1
| #define HAVE_MEMORY_H 1
| #define HAVE_STRINGS_H 1
| #define HAVE_INTTYPES_H 1
| #define HAVE_STDINT_H 1
| #define HAVE_UNISTD_H 1
| #define HAVE_DLFCN_H 1
| #define LT_OBJDIR ".libs/"
| /* end confdefs.h.  */
| 
| /* Override any GCC internal prototype to avoid an error.
|    Use char because int might match the return type of a GCC
|    builtin and then its argument prototype would still apply.  */
| #ifdef __cplusplus
| extern "C"
| #endif
| char shl_load ();
| int
| main ()
| {
| return shl_load ();
|   ;
|   return 0;
| }
configure:11658: result: no
configure:11663: checking for dlopen
configure:11663: gcc -o conftest -O0 -g   conftest.c  >&5
/usr/bin/ld: /tmp/ccxeB3ls.o: in function `main':
/home/nils/Dokumente/ASPA/NIST-BGP-SRx/srx-server/src/conftest.c:57: undefined reference to `dlopen'
collect2: error: ld returned 1 exit status
configure:11663: $? = 1
configure: failed program was:
| /* confdefs.h */
| #define PACKAGE_NAME "SRx"
| #define PACKAGE_TARNAME "srx"
| #define PACKAGE_VERSION "0.6.2.1"
| #define PACKAGE_STRING "SRx 0.6.2.1"
| #define PACKAGE_BUGREPORT "itrg-contact@list.nist.gov"
| #define PACKAGE_URL "https://www.nist.gov/services-resources/software/bgp-secure-routing-extension-bgp-srx-prototype"
| #define PACKAGE "srx"
| #define VERSION "0.6.2.1"
| #define STDC_HEADERS 1
| #define HAVE_SYS_TYPES_H 1
| #define HAVE_SYS_STAT_H 1
| #define HAVE_STDLIB_H 1
| #define HAVE_STRING_H 1
| #define HAVE_MEMORY_H 1
| #define HAVE_STRINGS_H 1
| #define HAVE_INTTYPES_H 1
| #define HAVE_STDINT_H 1
| #define HAVE_UNISTD_H 1
| #define HAVE_DLFCN_H 1
| #define LT_OBJDIR ".libs/"
| /* end confdefs.h.  */
| /* Define dlopen to an innocuous variant, in case <limits.h> declares dlopen.
|    For example, HP-UX 11i <limits.h> declares gettimeofday.  */
| #define dlopen innocuous_dlopen
| 
| /* System header to define __stub macros and hopefully few prototypes,
|     which can conflict with char dlopen (); below.
|     Prefer <limits.h> to <assert.h> if __STDC__ is defined, since
|     <limits.h> exists even on freestanding compilers.  */
| 
| #ifdef __STDC__
| # include <limits.h>
| #else
| # include <assert.h>
| #endif
| 
| #undef dlopen
| 
| /* Override any GCC internal prototype to avoid an error.
|    Use char because int might match the return type of a GCC
|    builtin and then its argument prototype would still apply.  */
| #ifdef __cplusplus
| extern "C"
| #endif
| char dlopen ();
| /* The GNU C library defines this for functions which it implements
|     to always fail with ENOSYS.  Some functions are actually named
|     something starting with __ and the normal name is an alias.  */
| #if defined __stub_dlopen || defined __stub___dlopen
| choke me
| #endif
| 
| int
| main ()
| {
| return dlopen ();
|   ;
|   return 0;
| }
configure:11663: result: no
configure:11667: checking for dlopen in -ldl
configure:11692: gcc -o conftest -O0 -g   conftest.c -ldl   >&5
configure:11692: $? = 0
configure:11701: result: yes
configure:11820: checking whether a program can dlopen itself
configure:11900: gcc -o conftest -O0 -g  -DHAVE_DLFCN_H  -Wl,--export-dynamic conftest.c -ldl  >&5
configure:11903: $? = 0
configure:11921: result: yes
configure:11926: checking whether a statically linked program can dlopen itself
configure:12006: gcc -o conftest -O0 -g  -DHAVE_DLFCN_H  -Wl,--export-dynamic -static conftest.c -ldl  >&5
/usr/bin/ld: /tmp/ccxsvJIf.o: in function `main':
/home/nils/Dokumente/ASPA/NIST-BGP-SRx/srx-server/src/configure:11985: warning: Using 'dlopen' in statically linked applications requires at runtime the shared libraries from the glibc version used for linking
configure:12009: $? = 0
conftest: undefined symbol: _fnord
configure:12027: result: no
configure:12066: checking whether stripping libraries is possible
configure:12075: result: yes
configure:12117: checking if libtool supports shared libraries
configure:12119: result: yes
configure:12122: checking whether to build shared libraries
configure:12147: result: yes
configure:12150: checking whether to build static libraries
configure:12154: result: yes
configure:9036: checking for gcc
configure:9063: result: gcc
configure:9292: checking for C compiler version
configure:9301: gcc --version >&5
gcc (Ubuntu 9.4.0-1ubuntu1~20.04.2) 9.4.0
Copyright (C) 2019 Free Software Foundation, Inc.
This is free software; see the source for copying conditions.  There is NO
warranty; not even for MERCHANTABILITY or FITNESS FOR A PARTICULAR PURPOSE.

configure:9312: $? = 0
configure:9301: gcc -v >&5
Using built-in specs.
COLLECT_GCC=gcc
COLLECT_LTO_WRAPPER=/usr/lib/gcc/x86_64-linux-gnu/9/lto-wrapper
OFFLOAD_TARGET_NAMES=nvptx-none:hsa
OFFLOAD_TARGET_DEFAULT=1
Target: x86_64-linux-gnu
Configured with: ../src/configure -v --with-pkgversion='Ubuntu 9.4.0-1ubuntu1~20.04.2' --with-bugurl=file:///usr/share/doc/gcc-9/README.Bugs --enable-languages=c,ada,c++,go,brig,d,fortran,objc,obj-c++,gm2 --prefix=/usr --with-gcc-major-version-only --program-suffix=-9 --program-prefix=x86_64-linux-gnu- --enable-shared --enable-linker-build-id --libexecdir=/usr/lib --without-included-gettext --enable-threads=posix --libdir=/usr/lib --enable-nls --enable-clocale=gnu --enable-libstdcxx-debug --enable-libstdcxx-time=yes --with-default-libstdcxx-abi=new --enable-gnu-unique-object --disable-vtable-verify --enable-plugin --enable-default-pie --with-system-zlib --with-target-system-zlib=auto --enable-objc-gc=auto --enable-multiarch --disable-werror --with-arch-32=i686 --with-abi=m64 --with-multilib-list=m32,m64,mx32 --enable-multilib --with-tune=generic --enable-offload-targets=nvptx-none=/build/gcc-9-9QDOt0/gcc-9-9.4.0/debian/tmp-nvptx/usr,hsa --without-cuda-driver --enable-checking=release --build=x86_64-linux-gnu --host=x86_64-linux-gnu --target=x86_64-linux-gnu
Thread model: posix
gcc version 9.4.0 (Ubuntu 9.4.0-1ubuntu1~20.04.2) 
configure:9312: $? = 0
configure:9301: gcc -V >&5
gcc: error: unrecognized command line option '-V'
gcc: fatal error: no input files
compilation terminated.
configure:9312: $? = 1
configure:9301: gcc -qversion >&5
gcc: error: unrecognized command line option '-qversion'; did you mean '--version'?
gcc: fatal error: no input files
compilation terminated.
configure:9312: $? = 1
configure:9316: checking whether we are using the GNU C compiler
configure:9344: result: yes
configure:9353: checking whether gcc accepts -g
configure:9414: result: yes
configure:9431: checking for gcc option to accept ISO C89
configure:9507: result: none needed
configure:9532: checking whether gcc understands -c and -o together
configure:9569: result: yes
configure:9588: checking dependency style of gcc
configure:9699: result: gcc3
configure:9715: checking whether make sets $(MAKE)
configure:9737: result: yes
configure:9755: checking host architecture information
configure:9763: result: 64 bit
configure:9803: checking whether .a and .la libraries will be added to rpm distribution
configure:9813: result: no
configure:9827: checking whether argument 'patricia_dir' is provided
configure:9831: result: no
configure:9852: checking whether argument 'sca_dir' is provided
configure:9859: result: yes
configure:9907: checking for custom SRxCryptoAPI location
configure:9914: result: available
configure:9923: checking for library SRxCryptoAPI V3
configure:9932: result: -lSRxCryptoAPI
configure:9979: checking /home/nils/Dokumente/ASPA/NIST-BGP-SRx/local-6.3.3/include/srx/srxcryptoapi.h usability
configure:9979: gcc -c -O0 -g  conftest.c >&5
configure:9979: $? = 0
configure:9979: result: yes
configure:9979: checking /home/nils/Dokumente/ASPA/NIST-BGP-SRx/local-6.3.3/include/srx/srxcryptoapi.h presence
configure:9979: gcc -E  conftest.c
configure:9979: $? = 0
configure:9979: result: yes
configure:9979: checking for /home/nils/Dokumente/ASPA/NIST-BGP-SRx/local-6.3.3/include/srx/srxcryptoapi.h
configure:9979: result: yes
configure:10064: checking for library containing config_init
configure:10095: gcc -o conftest -O0 -g   conftest.c  >&5
/usr/bin/ld: /tmp/ccUqnocp.o: in function `main':
/home/nils/Dokumente/ASPA/NIST-BGP-SRx/srx-server/src/conftest.c:35: undefined reference to `config_init'
collect2: error: ld returned 1 exit status
configure:10095: $? = 1
configure: failed program was:
| /* confdefs.h */
| #define PACKAGE_NAME "SRx"
| #define PACKAGE_TARNAME "srx"
| #define PACKAGE_VERSION "0.6.2.1"
| #define PACKAGE_STRING "SRx 0.6.2.1"
| #define PACKAGE_BUGREPORT "itrg-contact@list.nist.gov"
| #define PACKAGE_URL "https://www.nist.gov/services-resources/software/bgp-secure-routing-extension-bgp-srx-prototype"
| #define PACKAGE "srx"
| #define VERSION "0.6.2.1"
| #define STDC_HEADERS 1
| #define HAVE_SYS_TYPES_H 1
| #define HAVE_SYS_STAT_H 1
| #define HAVE_STDLIB_H 1
| #define HAVE_STRING_H 1
| #define HAVE_MEMORY_H 1
| #define HAVE_STRINGS_H 1
| #define HAVE_INTTYPES_H 1
| #define HAVE_STDINT_H 1
| #define HAVE_UNISTD_H 1
| #define HAVE_DLFCN_H 1
| #define LT_OBJDIR ".libs/"
| #define HAVE__HOME_NILS_DOKUMENTE_ASPA_NIST_BGP_SRX_LOCAL_6_3_3_INCLUDE_SRX_SRXCRYPTOAPI_H 1
| /* end confdefs.h.  */
| 
| /* Override any GCC internal prototype to avoid an error.
|    Use char because int might match the return type of a GCC
|    builtin and then its argument prototype would still apply.  */
| #ifdef __cplusplus
| extern "C"
| #endif
| char config_init ();
| int
| main ()
| {
| return config_init ();
|   ;
|   return 0;
| }
configure:10095: gcc -o conftest -O0 -g   conftest.c -lconfig   >&5
configure:10095: $? = 0
configure:10112: result: -lconfig
configure:10132: checking for libconfig int type
configure:10142: result: int
configure:10153: checking for library containing dlerror
configure:10184: gcc -o conftest -O0 -g -DLCONFIG_INT=int   conftest.c -lconfig  >&5
/usr/bin/ld: /tmp/cc57biOl.o: in function `main':
/home/nils/Dokumente/ASPA/NIST-BGP-SRx/srx-server/src/conftest.c:35: undefined reference to `dlerror'
collect2: error: ld returned 1 exit status
configure:10184: $? = 1
configure: failed program was:
| /* confdefs.h */
| #define PACKAGE_NAME "SRx"
| #define PACKAGE_TARNAME "srx"
| #define PACKAGE_VERSION "0.6.2.1"
| #define PACKAGE_STRING "SRx 0.6.2.1"
| #define PACKAGE_BUGREPORT "itrg-contact@list.nist.gov"
| #define PACKAGE_URL "https://www.nist.gov/services-resources/software/bgp-secure-routing-extension-bgp-srx-prototype"
| #define PACKAGE "srx"
| #define VERSION "0.6.2.1"
| #define STDC_HEADERS 1
| #define HAVE_SYS_TYPES_H 1
| #define HAVE_SYS_STAT_H 1
| #define HAVE_STDLIB_H 1
| #define HAVE_STRING_H 1
| #define HAVE_MEMORY_H 1
| #define HAVE_STRINGS_H 1
| #define HAVE_INTTYPES_H 1
| #define HAVE_STDINT_H 1
| #define HAVE_UNISTD_H 1
| #define HAVE_DLFCN_H 1
| #define LT_OBJDIR ".libs/"
| #define HAVE__HOME_NILS_DOKUMENTE_ASPA_NIST_BGP_SRX_LOCAL_6_3_3_INCLUDE_SRX_SRXCRYPTOAPI_H 1
| /* end confdefs.h.  */
| 
| /* Override any GCC internal prototype to avoid an error.
|    Use char because int might match the return type of a GCC
|    builtin and then its argument prototype would still apply.  */
| #ifdef __cplusplus
| extern "C"
| #endif
| char dlerror ();
| int
| main ()
| {
| return dlerror ();
|   ;
|   return 0;
| }
configure:10184: gcc -o conftest -O0 -g -DLCONFIG_INT=int   conftest.c -ldl  -lconfig  >&5
configure:10184: $? = 0
configure:10201: result: -ldl
configure:10219: checking for library containing clock_gettime
configure:10250: gcc -o conftest -O0 -g -DLCONFIG_INT=int   conftest.c -ldl -lconfig  >&5
configure:10250: $? = 0
configure:10267: result: none required
configure:10284: checking for library containing write_history
configure:10315: gcc -o conftest -O0 -g -DLCONFIG_INT=int   conftest.c -ldl -lconfig  >&5
/usr/bin/ld: /tmp/cc3uY6Fb.o: in function `main':
/home/nils/Dokumente/ASPA/NIST-BGP-SRx/srx-server/src/conftest.c:35: undefined reference to `write_history'
collect2: error: ld returned 1 exit status
configure:10315: $? = 1
configure: failed program was:
| /* confdefs.h */
| #define PACKAGE_NAME "SRx"
| #define PACKAGE_TARNAME "srx"
| #define PACKAGE_VERSION "0.6.2.1"
| #define PACKAGE_STRING "SRx 0.6.2.1"
| #define PACKAGE_BUGREPORT "itrg-contact@list.nist.gov"
| #define PACKAGE_URL "https://www.nist.gov/services-resources/software/bgp-secure-routing-extension-bgp-srx-prototype"
| #define PACKAGE "srx"
| #define VERSION "0.6.2.1"
| #define STDC_HEADERS 1
| #define HAVE_SYS_TYPES_H 1
| #define HAVE_SYS_STAT_H 1
| #define HAVE_STDLIB_H 1
| #define HAVE_STRING_H 1
| #define HAVE_MEMORY_H 1
| #define HAVE_STRINGS_H 1
| #define HAVE_INTTYPES_H 1
| #define HAVE_STDINT_H 1
| #define HAVE_UNISTD_H 1
| #define HAVE_DLFCN_H 1
| #define LT_OBJDIR ".libs/"
| #define HAVE__HOME_NILS_DOKUMENTE_ASPA_NIST_BGP_SRX_LOCAL_6_3_3_INCLUDE_SRX_SRXCRYPTOAPI_H 1
| /* end confdefs.h.  */
| 
| /* Override any GCC internal prototype to avoid an error.
|    Use char because int might match the return type of a GCC
|    builtin and then its argument prototype would still apply.  */
| #ifdef __cplusplus
| extern "C"
| #endif
| char write_history ();
| int
| main ()
| {
| return write_history ();
|   ;
|   return 0;
| }
configure:10315: gcc -o conftest -O0 -g -DLCONFIG_INT=int   conftest.c -lreadline  -ldl -lconfig  >&5
configure:10315: $? = 0
configure:10332: result: -lreadline
configure:10350: checking for library containing pthread_create
configure:10381: gcc -o conftest -O0 -g -DLCONFIG_INT=int   conftest.c -lreadline -ldl -lconfig  >&5
/usr/bin/ld: /tmp/ccFqwB42.o: in function `main':
/home/nils/Dokumente/ASPA/NIST-BGP-SRx/srx-server/src/conftest.c:35: undefined reference to `pthread_create'
collect2: error: ld returned 1 exit status
configure:10381: $? = 1
configure: failed program was:
| /* confdefs.h */
| #define PACKAGE_NAME "SRx"
| #define PACKAGE_TARNAME "srx"
| #define PACKAGE_VERSION "0.6.2.1"
| #define PACKAGE_STRING "SRx 0.6.2.1"
| #define PACKAGE_BUGREPORT "itrg-contact@list.nist.gov"
| #define PACKAGE_URL "https://www.nist.gov/services-resources/software/bgp-secure-routing-extension-bgp-srx-prototype"
| #define PACKAGE "srx"
| #define VERSION "0.6.2.1"
| #define STDC_HEADERS 1
| #define HAVE_SYS_TYPES_H 1
| #define HAVE_SYS_STAT_H 1
| #define HAVE_STDLIB_H 1
| #define HAVE_STRING_H 1
| #define HAVE_MEMORY_H 1
| #define HAVE_STRINGS_H 1
| #define HAVE_INTTYPES_H 1
| #define HAVE_STDINT_H 1
| #define HAVE_UNISTD_H 1
| #define HAVE_DLFCN_H 1
| #define LT_OBJDIR ".libs/"
| #define HAVE__HOME_NILS_DOKUMENTE_ASPA_NIST_BGP_SRX_LOCAL_6_3_3_INCLUDE_SRX_SRXCRYPTOAPI_H 1
| /* end confdefs.h.  */
| 
| /* Override any GCC internal prototype to avoid an error.
|    Use char because int might match the return type of a GCC
|    builtin and then its argument prototype would still apply.  */
| #ifdef __cplusplus
| extern "C"
| #endif
| char pthread_create ();
| int
| main ()
| {
| return pthread_create ();
|   ;
|   return 0;
| }
configure:10381: gcc -o conftest -O0 -g -DLCONFIG_INT=int   conftest.c -lpthread  -lreadline -ldl -lconfig  >&5
configure:10381: $? = 0
configure:10398: result: -lpthread
configure:10458: checking whether file '/home/nils/Dokumente/ASPA/NIST-BGP-SRx/srx-server/src/../extras/files/Net-Patricia-1.15.tar.gz' exists
configure:10461: result: yes
configure:10464: checking whether file '/home/nils/Dokumente/ASPA/NIST-BGP-SRx/srx-server/src/../extras/files/Net-Patricia-1.15-fixes-20100513.patch' exists
configure:10467: result: yes
configure:10470: checking whether file '/home/nils/Dokumente/ASPA/NIST-BGP-SRx/srx-server/src/../extras/make-lp.sh' exists
configure:10473: result: yes
configure:10477: building libpatricia
configure:10481: checking whether library 'libpatricia.a' is created
configure:10487: result: yes
configure:10536: checking whether test tools have to be generated
configure:10551: result: 
configure:10578: checking checking to see if grpc is enabled
configure:10588: result: no
configure:10636: checking assert.h usability
configure:10636: gcc -c -I/home/nils/Dokumente/ASPA/NIST-BGP-SRx/srx-server/src/../extras/local/include -O0 -g -DLCONFIG_INT=int  conftest.c >&5
configure:10636: $? = 0
configure:10636: result: yes
configure:10636: checking assert.h presence
configure:10636: gcc -E  conftest.c
configure:10636: $? = 0
configure:10636: result: yes
configure:10636: checking for assert.h
configure:10636: result: yes
configure:10636: checking ctype.h usability
configure:10636: gcc -c -I/home/nils/Dokumente/ASPA/NIST-BGP-SRx/srx-server/src/../extras/local/include -O0 -g -DLCONFIG_INT=int  conftest.c >&5
configure:10636: $? = 0
configure:10636: result: yes
configure:10636: checking ctype.h presence
configure:10636: gcc -E  conftest.c
configure:10636: $? = 0
configure:10636: result: yes
configure:10636: checking for ctype.h
configure:10636: result: yes
configure:10636: checking for dlfcn.h
configure:10636: result: yes
configure:10636: checking errno.h usability
configure:10636: gcc -c -I/home/nils/Dokumente/ASPA/NIST-BGP-SRx/srx-server/src/../extras/local/include -O0 -g -DLCONFIG_INT=int  conftest.c >&5
configure:10636: $? = 0
configure:10636: result: yes
configure:10636: checking errno.h presence
configure:10636: gcc -E  conftest.c
configure:10636: $? = 0
configure:10636: result: yes
configure:10636: checking for errno.h
configure:10636: result: yes
configure:10636: checking fcntl.h usability
configure:10636: gcc -c -I/home/nils/Dokumente/ASPA/NIST-BGP-SRx/srx-server/src/../extras/local/include -O0 -g -DLCONFIG_INT=int  conftest.c >&5
configure:10636: $? = 0
configure:10636: result: yes
configure:10636: checking fcntl.h presence
configure:10636: gcc -E  conftest.c
configure:10636: $? = 0
configure:10636: result: yes
configure:10636: checking for fcntl.h
configure:10636: result: yes
configure:10636: checking getopt.h usability
configure:10636: gcc -c -I/home/nils/Dokumente/ASPA/NIST-BGP-SRx/srx-server/src/../extras/local/include -O0 -g -DLCONFIG_INT=int  conftest.c >&5
configure:10636: $? = 0
configure:10636: result: yes
configure:10636: checking getopt.h presence
configure:10636: gcc -E  conftest.c
configure:10636: $? = 0
configure:10636: result: yes
configure:10636: checking for getopt.h
configure:10636: result: yes
configure:10636: checking malloc.h usability
configure:10636: gcc -c -I/home/nils/Dokumente/ASPA/NIST-BGP-SRx/srx-server/src/../extras/local/include -O0 -g -DLCONFIG_INT=int  conftest.c >&5
configure:10636: $? = 0
configure:10636: result: yes
configure:10636: checking malloc.h presence
configure:10636: gcc -E  conftest.c
configure:10636: $? = 0
configure:10636: result: yes
configure:10636: checking for malloc.h
configure:10636: result: yes
configure:10636: checking netdb.h usability
configure:10636: gcc -c -I/home/nils/Dokumente/ASPA/NIST-BGP-SRx/srx-server/src/../extras/local/include -O0 -g -DLCONFIG_INT=int  conftest.c >&5
configure:10636: $? = 0
configure:10636: result: yes
configure:10636: checking netdb.h presence
configure:10636: gcc -E  conftest.c
configure:10636: $? = 0
configure:10636: result: yes
configure:10636: checking for netdb.h
configure:10636: result: yes
configure:10636: checking patricia.h usability
configure:10636: gcc -c -I/home/nils/Dokumente/ASPA/NIST-BGP-SRx/srx-server/src/../extras/local/include -O0 -g -DLCONFIG_INT=int  conftest.c >&5
configure:10636: $? = 0
configure:10636: result: yes
configure:10636: checking patricia.h presence
configure:10636: gcc -E  conftest.c
conftest.c:33:10: fatal error: patricia.h: No such file or directory
   33 | #include <patricia.h>
      |          ^~~~~~~~~~~~
compilation terminated.
configure:10636: $? = 1
configure: failed program was:
| /* confdefs.h */
| #define PACKAGE_NAME "SRx"
| #define PACKAGE_TARNAME "srx"
| #define PACKAGE_VERSION "0.6.2.1"
| #define PACKAGE_STRING "SRx 0.6.2.1"
| #define PACKAGE_BUGREPORT "itrg-contact@list.nist.gov"
| #define PACKAGE_URL "https://www.nist.gov/services-resources/software/bgp-secure-routing-extension-bgp-srx-prototype"
| #define PACKAGE "srx"
| #define VERSION "0.6.2.1"
| #define STDC_HEADERS 1
| #define HAVE_SYS_TYPES_H 1
| #define HAVE_SYS_STAT_H 1
| #define HAVE_STDLIB_H 1
| #define HAVE_STRING_H 1
| #define HAVE_MEMORY_H 1
| #define HAVE_STRINGS_H 1
| #define HAVE_INTTYPES_H 1
| #define HAVE_STDINT_H 1
| #define HAVE_UNISTD_H 1
| #define HAVE_DLFCN_H 1
| #define LT_OBJDIR ".libs/"
| #define HAVE__HOME_NILS_DOKUMENTE_ASPA_NIST_BGP_SRX_LOCAL_6_3_3_INCLUDE_SRX_SRXCRYPTOAPI_H 1
| #define _REENTRANT /**/
| #define HAVE_ASSERT_H 1
| #define HAVE_CTYPE_H 1
| #define HAVE_DLFCN_H 1
| #define HAVE_ERRNO_H 1
| #define HAVE_FCNTL_H 1
| #define HAVE_GETOPT_H 1
| #define HAVE_MALLOC_H 1
| #define HAVE_NETDB_H 1
| /* end confdefs.h.  */
| #include <patricia.h>
configure:10636: result: no
configure:10636: WARNING: patricia.h: accepted by the compiler, rejected by the preprocessor!
configure:10636: WARNING: patricia.h: proceeding with the compiler's result
configure:10636: checking for patricia.h
configure:10636: result: yes
configure:10636: checking pthread.h usability
configure:10636: gcc -c -I/home/nils/Dokumente/ASPA/NIST-BGP-SRx/srx-server/src/../extras/local/include -O0 -g -DLCONFIG_INT=int  conftest.c >&5
configure:10636: $? = 0
configure:10636: result: yes
configure:10636: checking pthread.h presence
configure:10636: gcc -E  conftest.c
configure:10636: $? = 0
configure:10636: result: yes
configure:10636: checking for pthread.h
configure:10636: result: yes
configure:10636: checking semaphore.h usability
configure:10636: gcc -c -I/home/nils/Dokumente/ASPA/NIST-BGP-SRx/srx-server/src/../extras/local/include -O0 -g -DLCONFIG_INT=int  conftest.c >&5
configure:10636: $? = 0
configure:10636: result: yes
configure:10636: checking semaphore.h presence
configure:10636: gcc -E  conftest.c
configure:10636: $? = 0
configure:10636: result: yes
configure:10636: checking for semaphore.h
configure:10636: result: yes
configure:10636: checking signal.h usability
configure:10636: gcc -c -I/home/nils/Dokumente/ASPA/NIST-BGP-SRx/srx-server/src/../extras/local/include -O0 -g -DLCONFIG_INT=int  conftest.c >&5
configure:10636: $? = 0
configure:10636: result: yes
configure:10636: checking signal.h presence
configure:10636: gcc -E  conftest.c
configure:10636: $? = 0
configure:10636: result: yes
configure:10636: checking for signal.h
configure:10636: result: yes
configure:10636: checking stdarg.h usability
configure:10636: gcc -c -I/home/nils/Dokumente/ASPA/NIST-BGP-SRx/srx-server/src/../extras/local/include -O0 -g -DLCONFIG_INT=int  conftest.c >&5
configure:10636: $? = 0
configure:10636: result: yes
configure:10636: checking stdarg.h presence
configure:10636: gcc -E  conftest.c
configure:10636: $? = 0
configure:10636: result: yes
configure:10636: checking for stdarg.h
configure:10636: result: yes
configure:10636: checking stdbool.h usability
configure:10636: gcc -c -I/home/nils/Dokumente/ASPA/NIST-BGP-SRx/srx-server/src/../extras/local/include -O0 -g -DLCONFIG_INT=int  conftest.c >&5
configure:10636: $? = 0
configure:10636: result: yes
configure:10636: checking stdbool.h presence
configure:10636: gcc -E  conftest.c
configure:10636: $? = 0
configure:10636: result: yes
configure:10636: checking for stdbool.h
configure:10636: result: yes
configure:10636: checking for stdint.h
configure:10636: result: yes
configure:10636: checking stdio.h usability
configure:10636: gcc -c -I/home/nils/Dokumente/ASPA/NIST-BGP-SRx/srx-server/src/../extras/local/include -O0 -g -DLCONFIG_INT=int  conftest.c >&5
configure:10636: $? = 0
configure:10636: result: yes
configure:10636: checking stdio.h presence
configure:10636: gcc -E  conftest.c
configure:10636: $? = 0
configure:10636: result: yes
configure:10636: checking for stdio.h
configure:10636: result: yes
configure:10636: checking for stdlib.h
configure:10636: result: yes
configure:10636: checking for string.h
configure:10636: result: yes
configure:10636: checking syslog.h usability
configure:10636: gcc -c -I/home/nils/Dokumente/ASPA/NIST-BGP-SRx/srx-server/src/../extras/local/include -O0 -g -DLCONFIG_INT=int  conftest.c >&5
configure:10636: $? = 0
configure:10636: result: yes
configure:10636: checking syslog.h presence
configure:10636: gcc -E  conftest.c
configure:10636: $? = 0
configure:10636: result: yes
configure:10636: checking for syslog.h
configure:10636: result: yes
configure:10636: checking time.h usability
configure:10636: gcc -c -I/home/nils/Dokumente/ASPA/NIST-BGP-SRx/srx-server/src/../extras/local/include -O0 -g -DLCONFIG_INT=int  conftest.c >&5
configure:10636: $? = 0
configure:10636: result: yes
configure:10636: checking time.h presence
configure:10636: gcc -E  conftest.c
configure:10636: $? = 0
configure:10636: result: yes
configure:10636: checking for time.h
configure:10636: result: yes
configure:10636: checking for unistd.h
configure:10636: result: yes
configure:10636: checking uthash.h usability
configure:10636: gcc -c -I/home/nils/Dokumente/ASPA/NIST-BGP-SRx/srx-server/src/../extras/local/include -O0 -g -DLCONFIG_INT=int  conftest.c >&5
configure:10636: $? = 0
configure:10636: result: yes
configure:10636: checking uthash.h presence
configure:10636: gcc -E  conftest.c
configure:10636: $? = 0
configure:10636: result: yes
configure:10636: checking for uthash.h
configure:10636: result: yes
configure:10636: checking arpa/inet.h usability
configure:10636: gcc -c -I/home/nils/Dokumente/ASPA/NIST-BGP-SRx/srx-server/src/../extras/local/include -O0 -g -DLCONFIG_INT=int  conftest.c >&5
configure:10636: $? = 0
configure:10636: result: yes
configure:10636: checking arpa/inet.h presence
configure:10636: gcc -E  conftest.c
configure:10636: $? = 0
configure:10636: result: yes
configure:10636: checking for arpa/inet.h
configure:10636: result: yes
configure:10636: checking netinet/in.h usability
configure:10636: gcc -c -I/home/nils/Dokumente/ASPA/NIST-BGP-SRx/srx-server/src/../extras/local/include -O0 -g -DLCONFIG_INT=int  conftest.c >&5
configure:10636: $? = 0
configure:10636: result: yes
configure:10636: checking netinet/in.h presence
configure:10636: gcc -E  conftest.c
configure:10636: $? = 0
configure:10636: result: yes
configure:10636: checking for netinet/in.h
configure:10636: result: yes
configure:10636: checking netinet/tcp.h usability
configure:10636: gcc -c -I/home/nils/Dokumente/ASPA/NIST-BGP-SRx/srx-server/src/../extras/local/include -O0 -g -DLCONFIG_INT=int  conftest.c >&5
configure:10636: $? = 0
configure:10636: result: yes
configure:10636: checking netinet/tcp.h presence
configure:10636: gcc -E  conftest.c
configure:10636: $? = 0
configure:10636: result: yes
configure:10636: checking for netinet/tcp.h
configure:10636: result: yes
configure:10636: checking readline/history.h usability
configure:10636: gcc -c -I/home/nils/Dokumente/ASPA/NIST-BGP-SRx/srx-server/src/../extras/local/include -O0 -g -DLCONFIG_INT=int  conftest.c >&5
configure:10636: $? = 0
configure:10636: result: yes
configure:10636: checking readline/history.h presence
configure:10636: gcc -E  conftest.c
configure:10636: $? = 0
configure:10636: result: yes
configure:10636: checking for readline/history.h
configure:10636: result: yes
configure:10636: checking readline/readline.h usability
configure:10636: gcc -c -I/home/nils/Dokumente/ASPA/NIST-BGP-SRx/srx-server/src/../extras/local/include -O0 -g -DLCONFIG_INT=int  conftest.c >&5
configure:10636: $? = 0
configure:10636: result: yes
configure:10636: checking readline/readline.h presence
configure:10636: gcc -E  conftest.c
configure:10636: $? = 0
configure:10636: result: yes
configure:10636: checking for readline/readline.h
configure:10636: result: yes
configure:10636: checking sys/socket.h usability
configure:10636: gcc -c -I/home/nils/Dokumente/ASPA/NIST-BGP-SRx/srx-server/src/../extras/local/include -O0 -g -DLCONFIG_INT=int  conftest.c >&5
configure:10636: $? = 0
configure:10636: result: yes
configure:10636: checking sys/socket.h presence
configure:10636: gcc -E  conftest.c
configure:10636: $? = 0
configure:10636: result: yes
configure:10636: checking for sys/socket.h
configure:10636: result: yes
configure:10636: checking sys/time.h usability
configure:10636: gcc -c -I/home/nils/Dokumente/ASPA/NIST-BGP-SRx/srx-server/src/../extras/local/include -O0 -g -DLCONFIG_INT=int  conftest.c >&5
configure:10636: $? = 0
configure:10636: result: yes
configure:10636: checking sys/time.h presence
configure:10636: gcc -E  conftest.c
configure:10636: $? = 0
configure:10636: result: yes
configure:10636: checking for sys/time.h
configure:10636: result: yes
configure:10636: checking for sys/types.h
configure:10636: result: yes
configure:10636: checking sys/un.h usability
configure:10636: gcc -c -I/home/nils/Dokumente/ASPA/NIST-BGP-SRx/srx-server/src/../extras/local/include -O0 -g -DLCONFIG_INT=int  conftest.c >&5
configure:10636: $? = 0
configure:10636: result: yes
configure:10636: checking sys/un.h presence
configure:10636: gcc -E  conftest.c
configure:10636: $? = 0
configure:10636: result: yes
configure:10636: checking for sys/un.h
configure:10636: result: yes
configure:10656: checking for stdbool.h that conforms to C99
configure:10730: result: yes
configure:10732: checking for _Bool
configure:10732: gcc -c -I/home/nils/Dokumente/ASPA/NIST-BGP-SRx/srx-server/src/../extras/local/include -O0 -g -DLCONFIG_INT=int  conftest.c >&5
configure:10732: $? = 0
configure:10732: gcc -c -I/home/nils/Dokumente/ASPA/NIST-BGP-SRx/srx-server/src/../extras/local/include -O0 -g -DLCONFIG_INT=int  conftest.c >&5
conftest.c: In function 'main':
conftest.c:92:20: error: expected expression before ')' token
   92 | if (sizeof ((_Bool)))
      |                    ^
configure:10732: $? = 1
configure: failed program was:
| /* confdefs.h */
| #define PACKAGE_NAME "SRx"
| #define PACKAGE_TARNAME "srx"
| #define PACKAGE_VERSION "0.6.2.1"
| #define PACKAGE_STRING "SRx 0.6.2.1"
| #define PACKAGE_BUGREPORT "itrg-contact@list.nist.gov"
| #define PACKAGE_URL "https://www.nist.gov/services-resources/software/bgp-secure-routing-extension-bgp-srx-prototype"
| #define PACKAGE "srx"
| #define VERSION "0.6.2.1"
| #define STDC_HEADERS 1
| #define HAVE_SYS_TYPES_H 1
| #define HAVE_SYS_STAT_H 1
| #define HAVE_STDLIB_H 1
| #define HAVE_STRING_H 1
| #define HAVE_MEMORY_H 1
| #define HAVE_STRINGS_H 1
| #define HAVE_INTTYPES_H 1
| #define HAVE_STDINT_H 1
| #define HAVE_UNISTD_H 1
| #define HAVE_DLFCN_H 1
| #define LT_OBJDIR ".libs/"
| #define HAVE__HOME_NILS_DOKUMENTE_ASPA_NIST_BGP_SRX_LOCAL_6_3_3_INCLUDE_SRX_SRXCRYPTOAPI_H 1
| #define _REENTRANT /**/
| #define HAVE_ASSERT_H 1
| #define HAVE_CTYPE_H 1
| #define HAVE_DLFCN_H 1
| #define HAVE_ERRNO_H 1
| #define HAVE_FCNTL_H 1
| #define HAVE_GETOPT_H 1
| #define HAVE_MALLOC_H 1
| #define HAVE_NETDB_H 1
| #define HAVE_PATRICIA_H 1
| #define HAVE_PTHREAD_H 1
| #define HAVE_SEMAPHORE_H 1
| #define HAVE_SIGNAL_H 1
| #define HAVE_STDARG_H 1
| #define HAVE_STDBOOL_H 1
| #define HAVE_STDINT_H 1
| #define HAVE_STDIO_H 1
| #define HAVE_STDLIB_H 1
| #define HAVE_STRING_H 1
| #define HAVE_SYSLOG_H 1
| #define HAVE_TIME_H 1
| #define HAVE_UNISTD_H 1
| #define HAVE_UTHASH_H 1
| #define HAVE_ARPA_INET_H 1
| #define HAVE_NETINET_IN_H 1
| #define HAVE_NETINET_TCP_H 1
| #define HAVE_READLINE_HISTORY_H 1
| #define HAVE_READLINE_READLINE_H 1
| #define HAVE_SYS_SOCKET_H 1
| #define HAVE_SYS_TIME_H 1
| #define HAVE_SYS_TYPES_H 1
| #define HAVE_SYS_UN_H 1
| /* end confdefs.h.  */
| #include <stdio.h>
| #ifdef HAVE_SYS_TYPES_H
| # include <sys/types.h>
| #endif
| #ifdef HAVE_SYS_STAT_H
| # include <sys/stat.h>
| #endif
| #ifdef STDC_HEADERS
| # include <stdlib.h>
| # include <stddef.h>
| #else
| # ifdef HAVE_STDLIB_H
| #  include <stdlib.h>
| # endif
| #endif
| #ifdef HAVE_STRING_H
| # if !defined STDC_HEADERS && defined HAVE_MEMORY_H
| #  include <memory.h>
| # endif
| # include <string.h>
| #endif
| #ifdef HAVE_STRINGS_H
| # include <strings.h>
| #endif
| #ifdef HAVE_INTTYPES_H
| # include <inttypes.h>
| #endif
| #ifdef HAVE_STDINT_H
| # include <stdint.h>
| #endif
| #ifdef HAVE_UNISTD_H
| # include <unistd.h>
| #endif
| int
| main ()
| {
| if (sizeof ((_Bool)))
| 	    return 0;
|   ;
|   return 0;
| }
configure:10732: result: yes
configure:10749: checking for inline
configure:10765: gcc -c -I/home/nils/Dokumente/ASPA/NIST-BGP-SRx/srx-server/src/../extras/local/include -O0 -g -DLCONFIG_INT=int  conftest.c >&5
configure:10765: $? = 0
configure:10773: result: inline
configure:10791: checking for size_t
configure:10791: gcc -c -I/home/nils/Dokumente/ASPA/NIST-BGP-SRx/srx-server/src/../extras/local/include -O0 -g -DLCONFIG_INT=int  conftest.c >&5
configure:10791: $? = 0
configure:10791: gcc -c -I/home/nils/Dokumente/ASPA/NIST-BGP-SRx/srx-server/src/../extras/local/include -O0 -g -DLCONFIG_INT=int  conftest.c >&5
conftest.c: In function 'main':
conftest.c:94:21: error: expected expression before ')' token
   94 | if (sizeof ((size_t)))
      |                     ^
configure:10791: $? = 1
configure: failed program was:
| /* confdefs.h */
| #define PACKAGE_NAME "SRx"
| #define PACKAGE_TARNAME "srx"
| #define PACKAGE_VERSION "0.6.2.1"
| #define PACKAGE_STRING "SRx 0.6.2.1"
| #define PACKAGE_BUGREPORT "itrg-contact@list.nist.gov"
| #define PACKAGE_URL "https://www.nist.gov/services-resources/software/bgp-secure-routing-extension-bgp-srx-prototype"
| #define PACKAGE "srx"
| #define VERSION "0.6.2.1"
| #define STDC_HEADERS 1
| #define HAVE_SYS_TYPES_H 1
| #define HAVE_SYS_STAT_H 1
| #define HAVE_STDLIB_H 1
| #define HAVE_STRING_H 1
| #define HAVE_MEMORY_H 1
| #define HAVE_STRINGS_H 1
| #define HAVE_INTTYPES_H 1
| #define HAVE_STDINT_H 1
| #define HAVE_UNISTD_H 1
| #define HAVE_DLFCN_H 1
| #define LT_OBJDIR ".libs/"
| #define HAVE__HOME_NILS_DOKUMENTE_ASPA_NIST_BGP_SRX_LOCAL_6_3_3_INCLUDE_SRX_SRXCRYPTOAPI_H 1
| #define _REENTRANT /**/
| #define HAVE_ASSERT_H 1
| #define HAVE_CTYPE_H 1
| #define HAVE_DLFCN_H 1
| #define HAVE_ERRNO_H 1
| #define HAVE_FCNTL_H 1
| #define HAVE_GETOPT_H 1
| #define HAVE_MALLOC_H 1
| #define HAVE_NETDB_H 1
| #define HAVE_PATRICIA_H 1
| #define HAVE_PTHREAD_H 1
| #define HAVE_SEMAPHORE_H 1
| #define HAVE_SIGNAL_H 1
| #define HAVE_STDARG_H 1
| #define HAVE_STDBOOL_H 1
| #define HAVE_STDINT_H 1
| #define HAVE_STDIO_H 1
| #define HAVE_STDLIB_H 1
| #define HAVE_STRING_H 1
| #define HAVE_SYSLOG_H 1
| #define HAVE_TIME_H 1
| #define HAVE_UNISTD_H 1
| #define HAVE_UTHASH_H 1
| #define HAVE_ARPA_INET_H 1
| #define HAVE_NETINET_IN_H 1
| #define HAVE_NETINET_TCP_H 1
| #define HAVE_READLINE_HISTORY_H 1
| #define HAVE_READLINE_READLINE_H 1
| #define HAVE_SYS_SOCKET_H 1
| #define HAVE_SYS_TIME_H 1
| #define HAVE_SYS_TYPES_H 1
| #define HAVE_SYS_UN_H 1
| #define HAVE__BOOL 1
| #define HAVE_STDBOOL_H 1
| /* end confdefs.h.  */
| #include <stdio.h>
| #ifdef HAVE_SYS_TYPES_H
| # include <sys/types.h>
| #endif
| #ifdef HAVE_SYS_STAT_H
| # include <sys/stat.h>
| #endif
| #ifdef STDC_HEADERS
| # include <stdlib.h>
| # include <stddef.h>
| #else
| # ifdef HAVE_STDLIB_H
| #  include <stdlib.h>
| # endif
| #endif
| #ifdef HAVE_STRING_H
| # if !defined STDC_HEADERS && defined HAVE_MEMORY_H
| #  include <memory.h>
| # endif
| # include <string.h>
| #endif
| #ifdef HAVE_STRINGS_H
| # include <strings.h>
| #endif
| #ifdef HAVE_INTTYPES_H
| # include <inttypes.h>
| #endif
| #ifdef HAVE_STDINT_H
| # include <stdint.h>
| #endif
| #ifdef HAVE_UNISTD_H
| # include <unistd.h>
| #endif
| int
| main ()
| {
| if (sizeof ((size_t)))
| 	    return 0;
|   ;
|   return 0;
| }
configure:10791: result: yes
configure:10802: checking for ssize_t
configure:10802: gcc -c -I/home/nils/Dokumente/ASPA/NIST-BGP-SRx/srx-server/src/../extras/local/include -O0 -g -DLCONFIG_INT=int  conftest.c >&5
configure:10802: $? = 0
configure:10802: gcc -c -I/home/nils/Dokumente/ASPA/NIST-BGP-SRx/srx-server/src/../extras/local/include -O0 -g -DLCONFIG_INT=int  conftest.c >&5
conftest.c: In function 'main':
conftest.c:94:22: error: expected expression before ')' token
   94 | if (sizeof ((ssize_t)))
      |                      ^
configure:10802: $? = 1
configure: failed program was:
| /* confdefs.h */
| #define PACKAGE_NAME "SRx"
| #define PACKAGE_TARNAME "srx"
| #define PACKAGE_VERSION "0.6.2.1"
| #define PACKAGE_STRING "SRx 0.6.2.1"
| #define PACKAGE_BUGREPORT "itrg-contact@list.nist.gov"
| #define PACKAGE_URL "https://www.nist.gov/services-resources/software/bgp-secure-routing-extension-bgp-srx-prototype"
| #define PACKAGE "srx"
| #define VERSION "0.6.2.1"
| #define STDC_HEADERS 1
| #define HAVE_SYS_TYPES_H 1
| #define HAVE_SYS_STAT_H 1
| #define HAVE_STDLIB_H 1
| #define HAVE_STRING_H 1
| #define HAVE_MEMORY_H 1
| #define HAVE_STRINGS_H 1
| #define HAVE_INTTYPES_H 1
| #define HAVE_STDINT_H 1
| #define HAVE_UNISTD_H 1
| #define HAVE_DLFCN_H 1
| #define LT_OBJDIR ".libs/"
| #define HAVE__HOME_NILS_DOKUMENTE_ASPA_NIST_BGP_SRX_LOCAL_6_3_3_INCLUDE_SRX_SRXCRYPTOAPI_H 1
| #define _REENTRANT /**/
| #define HAVE_ASSERT_H 1
| #define HAVE_CTYPE_H 1
| #define HAVE_DLFCN_H 1
| #define HAVE_ERRNO_H 1
| #define HAVE_FCNTL_H 1
| #define HAVE_GETOPT_H 1
| #define HAVE_MALLOC_H 1
| #define HAVE_NETDB_H 1
| #define HAVE_PATRICIA_H 1
| #define HAVE_PTHREAD_H 1
| #define HAVE_SEMAPHORE_H 1
| #define HAVE_SIGNAL_H 1
| #define HAVE_STDARG_H 1
| #define HAVE_STDBOOL_H 1
| #define HAVE_STDINT_H 1
| #define HAVE_STDIO_H 1
| #define HAVE_STDLIB_H 1
| #define HAVE_STRING_H 1
| #define HAVE_SYSLOG_H 1
| #define HAVE_TIME_H 1
| #define HAVE_UNISTD_H 1
| #define HAVE_UTHASH_H 1
| #define HAVE_ARPA_INET_H 1
| #define HAVE_NETINET_IN_H 1
| #define HAVE_NETINET_TCP_H 1
| #define HAVE_READLINE_HISTORY_H 1
| #define HAVE_READLINE_READLINE_H 1
| #define HAVE_SYS_SOCKET_H 1
| #define HAVE_SYS_TIME_H 1
| #define HAVE_SYS_TYPES_H 1
| #define HAVE_SYS_UN_H 1
| #define HAVE__BOOL 1
| #define HAVE_STDBOOL_H 1
| /* end confdefs.h.  */
| #include <stdio.h>
| #ifdef HAVE_SYS_TYPES_H
| # include <sys/types.h>
| #endif
| #ifdef HAVE_SYS_STAT_H
| # include <sys/stat.h>
| #endif
| #ifdef STDC_HEADERS
| # include <stdlib.h>
| # include <stddef.h>
| #else
| # ifdef HAVE_STDLIB_H
| #  include <stdlib.h>
| # endif
| #endif
| #ifdef HAVE_STRING_H
| # if !defined STDC_HEADERS && defined HAVE_MEMORY_H
| #  include <memory.h>
| # endif
| # include <string.h>
| #endif
| #ifdef HAVE_STRINGS_H
| # include <strings.h>
| #endif
| #ifdef HAVE_INTTYPES_H
| # include <inttypes.h>
| #endif
| #ifdef HAVE_STDINT_H
| # include <stdint.h>
| #endif
| #ifdef HAVE_UNISTD_H
| # include <unistd.h>
| #endif
| int
| main ()
| {
| if (sizeof ((ssize_t)))
| 	    return 0;
|   ;
|   return 0;
| }
configure:10802: result: yes
configure:10813: checking for uint16_t
configure:10813: gcc -c -I/home/nils/Dokumente/ASPA/NIST-BGP-SRx/srx-server/src/../extras/local/include -O0 -g -DLCONFIG_INT=int  conftest.c >&5
configure:10813: $? = 0
configure:10813: result: yes
configure:10825: checking for uint32_t
configure:10825: gcc -c -I/home/nils/Dokumente/ASPA/NIST-BGP-SRx/srx-server/src/../extras/local/include -O0 -g -DLCONFIG_INT=int  conftest.c >&5
configure:10825: $? = 0
configure:10825: result: yes
configure:10839: checking for uint8_t
configure:10839: gcc -c -I/home/nils/Dokumente/ASPA/NIST-BGP-SRx/srx-server/src/../extras/local/include -O0 -g -DLCONFIG_INT=int  conftest.c >&5
configure:10839: $? = 0
configure:10839: result: yes
configure:11016: checking that generated files are newer than configure
configure:11022: result: done
configure:11061: creating ./config.status

## ---------------------- ##
## Running config.status. ##
## ---------------------- ##

This file was extended by SRx config.status 0.6.2.1, which was
generated by GNU Autoconf 2.69.  Invocation command line was

  CONFIG_FILES    = 
  CONFIG_HEADERS  = 
  CONFIG_LINKS    = 
  CONFIG_COMMANDS = 
  $ ./config.status 

on nils-VirtualBox

config.status:1158: creating Makefile
config.status:1158: creating client/srxproxy64.conf
config.status:1158: creating srx-0.6.2.1.spec
config.status:1158: creating srx-proxy-0.6.2.1.spec
config.status:1158: creating srx-proxy-devel-0.6.2.1.spec
config.status:1158: creating server/srx_serverd
config.status:1158: creating config.h
config.status:1339: config.h is unchanged
config.status:1387: executing depfiles commands
config.status:1464: cd .       && sed -e '/# am--include-marker/d' Makefile         | make -f - am--depfiles
make: Nothing to be done for 'am--depfiles'.
config.status:1469: $? = 0
config.status:1387: executing libtool commands

## ---------------- ##
## Cache variables. ##
## ---------------- ##

ac_cv_build=x86_64-pc-linux-gnu
ac_cv_c_compiler_gnu=yes
ac_cv_c_inline=inline
ac_cv_c_uint16_t=yes
ac_cv_c_uint32_t=yes
ac_cv_c_uint8_t=yes
ac_cv_env_CC_set=
ac_cv_env_CC_value=
ac_cv_env_CFLAGS_set=set
ac_cv_env_CFLAGS_value='-O0 -g'
ac_cv_env_CPPFLAGS_set=
ac_cv_env_CPPFLAGS_value=
ac_cv_env_CPP_set=
ac_cv_env_CPP_value=
ac_cv_env_LDFLAGS_set=
ac_cv_env_LDFLAGS_value=
ac_cv_env_LIBS_set=
ac_cv_env_LIBS_value=
ac_cv_env_LT_SYS_LIBRARY_PATH_set=
ac_cv_env_LT_SYS_LIBRARY_PATH_value=
ac_cv_env_build_alias_set=
ac_cv_env_build_alias_value=
ac_cv_env_grpc_dir_set=
ac_cv_env_grpc_dir_value=
ac_cv_env_host_alias_set=
ac_cv_env_host_alias_value=
ac_cv_env_patricia_dir_set=
ac_cv_env_patricia_dir_value=
ac_cv_env_sca_dir_set=set
ac_cv_env_sca_dir_value=/home/nils/Dokumente/ASPA/NIST-BGP-SRx/local-6.3.3
ac_cv_env_target_alias_set=
ac_cv_env_target_alias_value=
ac_cv_func_dlopen=no
ac_cv_func_shl_load=no
ac_cv_header__home_nils_Dokumente_ASPA_NIST_BGP_SRx_local_6_3_3_include_srx_srxcryptoapi_h=yes
ac_cv_header_arpa_inet_h=yes
ac_cv_header_assert_h=yes
ac_cv_header_ctype_h=yes
ac_cv_header_dlfcn_h=yes
ac_cv_header_errno_h=yes
ac_cv_header_fcntl_h=yes
ac_cv_header_getopt_h=yes
ac_cv_header_inttypes_h=yes
ac_cv_header_malloc_h=yes
ac_cv_header_memory_h=yes
ac_cv_header_netdb_h=yes
ac_cv_header_netinet_in_h=yes
ac_cv_header_netinet_tcp_h=yes
ac_cv_header_patricia_h=yes
ac_cv_header_pthread_h=yes
ac_cv_header_readline_history_h=yes
ac_cv_header_readline_readline_h=yes
ac_cv_header_semaphore_h=yes
ac_cv_header_signal_h=yes
ac_cv_header_stdarg_h=yes
ac_cv_header_stdbool_h=yes
ac_cv_header_stdc=yes
ac_cv_header_stdint_h=yes
ac_cv_header_stdio_h=yes
ac_cv_header_stdlib_h=yes
ac_cv_header_string_h=yes
ac_cv_header_strings_h=yes
ac_cv_header_sys_socket_h=yes
ac_cv_header_sys_stat_h=yes
ac_cv_header_sys_time_h=yes
ac_cv_header_sys_types_h=yes
ac_cv_header_sys_un_h=yes
ac_cv_header_syslog_h=yes
ac_cv_header_time_h=yes
ac_cv_header_unistd_h=yes
ac_cv_header_uthash_h=yes
ac_cv_host=x86_64-pc-linux-gnu
ac_cv_lib_dl_dlopen=yes
ac_cv_lib_dld_shl_load=no
ac_cv_objext=o
ac_cv_path_EGREP='/usr/bin/grep -E'
ac_cv_path_FGREP='/usr/bin/grep -F'
ac_cv_path_GREP=/usr/bin/grep
ac_cv_path_SED=/usr/bin/sed
ac_cv_path_install='/usr/bin/install -c'
ac_cv_path_lt_DD=/usr/bin/dd
ac_cv_path_mkdir=/usr/bin/mkdir
ac_cv_prog_AWK=mawk
ac_cv_prog_CPP='gcc -E'
ac_cv_prog_ac_ct_AR=ar
ac_cv_prog_ac_ct_CC=gcc
ac_cv_prog_ac_ct_FILECMD=file
ac_cv_prog_ac_ct_MANIFEST_TOOL=mt
ac_cv_prog_ac_ct_OBJDUMP=objdump
ac_cv_prog_ac_ct_RANLIB=ranlib
ac_cv_prog_ac_ct_STRIP=strip
ac_cv_prog_cc_c89=
ac_cv_prog_cc_g=yes
ac_cv_prog_make_make_set=yes
ac_cv_search_clock_gettime='none required'
ac_cv_search_config_init=-lconfig
ac_cv_search_dlerror=-ldl
ac_cv_search_pthread_create=-lpthread
ac_cv_search_write_history=-lreadline
ac_cv_type__Bool=yes
ac_cv_type_size_t=yes
ac_cv_type_ssize_t=yes
am_cv_CC_dependencies_compiler_type=gcc3
am_cv_make_support_nested_variables=yes
am_cv_prog_cc_c_o=yes
lt_cv_ar_at_file=@
lt_cv_archive_cmds_need_lc=no
lt_cv_deplibs_check_method=pass_all
lt_cv_dlopen=dlopen
lt_cv_dlopen_libs=-ldl
lt_cv_dlopen_self=yes
lt_cv_dlopen_self_static=no
lt_cv_file_magic_cmd='$MAGIC_CMD'
lt_cv_file_magic_test_file=
lt_cv_ld_reload_flag=-r
lt_cv_nm_interface='BSD nm'
lt_cv_objdir=.libs
lt_cv_path_LD=/usr/bin/ld
lt_cv_path_NM='/usr/bin/nm -B'
lt_cv_path_mainfest_tool=no
lt_cv_prog_compiler_c_o=yes
lt_cv_prog_compiler_pic='-fPIC -DPIC'
lt_cv_prog_compiler_pic_works=yes
lt_cv_prog_compiler_rtti_exceptions=no
lt_cv_prog_compiler_static_works=yes
lt_cv_prog_gnu_ld=yes
lt_cv_sharedlib_from_linklib_cmd='printf %s\n'
lt_cv_shlibpath_overrides_runpath=yes
lt_cv_sys_global_symbol_pipe='/usr/bin/sed -n -e '\''s/^.*[	 ]\([ABCDGIRSTW][ABCDGIRSTW]*\)[	 ][	 ]*\([_A-Za-z][_A-Za-z0-9]*\)$/\1 \2 \2/p'\'' | /usr/bin/sed '\''/ __gnu_lto/d'\'''
lt_cv_sys_global_symbol_to_c_name_address='/usr/bin/sed -n -e '\''s/^: \(.*\) .*$/  {"\1", (void *) 0},/p'\'' -e '\''s/^[ABCDGIRSTW][ABCDGIRSTW]* .* \(.*\)$/  {"\1", (void *) \&\1},/p'\'''
lt_cv_sys_global_symbol_to_c_name_address_lib_prefix='/usr/bin/sed -n -e '\''s/^: \(.*\) .*$/  {"\1", (void *) 0},/p'\'' -e '\''s/^[ABCDGIRSTW][ABCDGIRSTW]* .* \(lib.*\)$/  {"\1", (void *) \&\1},/p'\'' -e '\''s/^[ABCDGIRSTW][ABCDGIRSTW]* .* \(.*\)$/  {"lib\1", (void *) \&\1},/p'\'''
lt_cv_sys_global_symbol_to_cdecl='/usr/bin/sed -n -e '\''s/^T .* \(.*\)$/extern int \1();/p'\'' -e '\''s/^[ABCDGIRSTW][ABCDGIRSTW]* .* \(.*\)$/extern char \1;/p'\'''
lt_cv_sys_global_symbol_to_import=
lt_cv_sys_max_cmd_len=1572864
lt_cv_to_host_file_cmd=func_convert_file_noop
lt_cv_to_tool_file_cmd=func_convert_file_noop
lt_cv_truncate_bin='/usr/bin/dd bs=4096 count=1'

## ----------------- ##
## Output variables. ##
## ----------------- ##

ACLOCAL='${SHELL} /home/nils/Dokumente/ASPA/NIST-BGP-SRx/srx-server/src/missing aclocal-1.16'
AMDEPBACKSLASH='\'
AMDEP_FALSE='#'
AMDEP_TRUE=''
AMTAR='$${TAR-tar}'
AM_BACKSLASH='\'
AM_DEFAULT_V='$(AM_DEFAULT_VERBOSITY)'
AM_DEFAULT_VERBOSITY='1'
AM_V='$(V)'
AR='ar'
AUTOCONF='${SHELL} /home/nils/Dokumente/ASPA/NIST-BGP-SRx/srx-server/src/missing autoconf'
AUTOHEADER='${SHELL} /home/nils/Dokumente/ASPA/NIST-BGP-SRx/srx-server/src/missing autoheader'
AUTOMAKE='${SHELL} /home/nils/Dokumente/ASPA/NIST-BGP-SRx/srx-server/src/missing automake-1.16'
AWK='mawk'
BUILD_TEST_FALSE=''
BUILD_TEST_TRUE='#'
CC='gcc'
CCDEPMODE='depmode=gcc3'
CFG_PREFIX='/home/nils/Dokumente/ASPA/NIST-BGP-SRx/local-6.3.3'
CFG_SYSCONFIG='/home/nils/Dokumente/ASPA/NIST-BGP-SRx/local-6.3.3/etc'
CFLAGS='-I/home/nils/Dokumente/ASPA/NIST-BGP-SRx/srx-server/src/../extras/local/include -O0 -g -DLCONFIG_INT=int'
CPP='gcc -E'
CPPFLAGS=''
CPU_ARCH='64'
CPU_ARCH_FLAGS='-DCPU_64'
CYGPATH_W='echo'
DEFS='-DHAVE_CONFIG_H'
DEPDIR='.deps'
DLLTOOL='false'
DSYMUTIL=''
DUMPBIN=''
ECHO_C=''
ECHO_N='-n'
ECHO_T=''
EGREP='/usr/bin/grep -E'
ENABLE_GRPC_COND_FALSE=''
ENABLE_GRPC_COND_TRUE='#'
EXEEXT=''
FGREP='/usr/bin/grep -F'
FILECMD='file'
GREP='/usr/bin/grep'
HAVE_LIBCONFIG='1'
HAVE_LIBSRxCryptoAPI='1'
HOME_DIR=''
INSTALL_DATA='${INSTALL} -m 644'
INSTALL_PROGRAM='${INSTALL}'
INSTALL_SCRIPT='${INSTALL}'
INSTALL_STRIP_PROGRAM='$(install_sh) -c -s'
LCONFIG_INT='int'
LD='/usr/bin/ld -m elf_x86_64'
LDFLAGS=''
LIBOBJS=''
LIBS='-lpthread -lreadline -ldl -lconfig '
LIBTOOL='$(SHELL) $(top_builddir)/libtool'
LIB_PATRICIA='/home/nils/Dokumente/ASPA/NIST-BGP-SRx/srx-server/src/../extras/local/lib64/libpatricia.a'
LIB_VER_INFO='6:2:0'
LIB_VER_INFO_COND_FALSE='#'
LIB_VER_INFO_COND_TRUE=''
LICENSE='https://www.nist.gov/director/copyright-fair-use-and-licensing-statements-srd-data-and-software'
LIPO=''
LN_S='ln -s'
LTLIBOBJS=''
LT_SYS_LIBRARY_PATH=''
MAJOR_VER='6'
MAKEINFO='${SHELL} /home/nils/Dokumente/ASPA/NIST-BGP-SRx/srx-server/src/missing makeinfo'
MANIFEST_TOOL=':'
MINOR_VER='2'
MKDIR_P='/usr/bin/mkdir -p'
NM='/usr/bin/nm -B'
NMEDIT=''
OBJDUMP='objdump'
OBJEXT='o'
OTOOL64=''
OTOOL=''
PACKAGE='srx'
PACKAGE_BUGREPORT='itrg-contact@list.nist.gov'
PACKAGE_NAME='SRx'
PACKAGE_STRING='SRx 0.6.2.1'
PACKAGE_TARNAME='srx'
PACKAGE_URL='https://www.nist.gov/services-resources/software/bgp-secure-routing-extension-bgp-srx-prototype'
PACKAGE_VERSION='0.6.2.1'
PATH_SEPARATOR=':'
PATRICIA_DIR=''
PKG_VER='0'
RANLIB='ranlib'
SCA_CFLAGS='-I/home/nils/Dokumente/ASPA/NIST-BGP-SRx/local-6.3.3/include'
SCA_DIR='/home/nils/Dokumente/ASPA/NIST-BGP-SRx/local-6.3.3'
SCA_LDFLAGS='-L/home/nils/Dokumente/ASPA/NIST-BGP-SRx/local-6.3.3/lib64/srx'
SCA_LIBS='-lSRxCryptoAPI'
SED='/usr/bin/sed'
SET_MAKE=''
SHELL='/bin/bash'
SRX_DIR='srx'
STRIP='strip'
UPD_VER='1'
URL='https://www.nist.gov/services-resources/software/bgp-secure-routing-extension-bgp-srx-prototype'
VERSION='0.6.2.1'
VER_INFO='6.0.2'
ac_ct_AR='ar'
ac_ct_CC='gcc'
ac_ct_DUMPBIN=''
am__EXEEXT_FALSE=''
am__EXEEXT_TRUE='#'
am__fastdepCC_FALSE='#'
am__fastdepCC_TRUE=''
am__include='include'
am__isrc=''
am__leading_dot='.'
am__nodep='_no'
am__quote=''
am__tar='$${TAR-tar} chof - "$$tardir"'
am__untar='$${TAR-tar} xf -'
bindir='${exec_prefix}/bin'
build='x86_64-pc-linux-gnu'
build_alias=''
build_cpu='x86_64'
build_os='linux-gnu'
build_vendor='pc'
datadir='${datarootdir}'
datarootdir='${prefix}/share'
docdir='${datarootdir}/doc/${PACKAGE_TARNAME}'
dvidir='${docdir}'
exec_prefix='${prefix}'
grpc_dir=''
host='x86_64-pc-linux-gnu'
host_alias=''
host_cpu='x86_64'
host_os='linux-gnu'
host_vendor='pc'
htmldir='${docdir}'
incl_la_lib='no'
includedir='${prefix}/include'
infodir='${datarootdir}/info'
install_sh='${SHELL} /home/nils/Dokumente/ASPA/NIST-BGP-SRx/srx-server/src/install-sh'
libdir='${exec_prefix}/lib64'
libexecdir='${exec_prefix}/libexec'
localedir='${datarootdir}/locale'
localstatedir='${prefix}/var'
mandir='${datarootdir}/man'
mkdir_p='$(MKDIR_P)'
oldincludedir='/usr/include'
patricia_dir=''
pdfdir='${docdir}'
prefix='/home/nils/Dokumente/ASPA/NIST-BGP-SRx/local-6.3.3'
program_transform_name='s,x,x,'
psdir='${docdir}'
runstatedir='${localstatedir}/run'
sbindir='${exec_prefix}/sbin'
sca_dir='/home/nils/Dokumente/ASPA/NIST-BGP-SRx/local-6.3.3'
sharedstatedir='${prefix}/com'
sysconfdir='${prefix}/etc'
target_alias=''

## ----------- ##
## confdefs.h. ##
## ----------- ##

/* confdefs.h */
#define PACKAGE_NAME "SRx"
#define PACKAGE_TARNAME "srx"
#define PACKAGE_VERSION "0.6.2.1"
#define PACKAGE_STRING "SRx 0.6.2.1"
#define PACKAGE_BUGREPORT "itrg-contact@list.nist.gov"
#define PACKAGE_URL "https://www.nist.gov/services-resources/software/bgp-secure-routing-extension-bgp-srx-prototype"
#define PACKAGE "srx"
#define VERSION "0.6.2.1"
#define STDC_HEADERS 1
#define HAVE_SYS_TYPES_H 1
#define HAVE_SYS_STAT_H 1
#define HAVE_STDLIB_H 1
#define HAVE_STRING_H 1
#define HAVE_MEMORY_H 1
#define HAVE_STRINGS_H 1
#define HAVE_INTTYPES_H 1
#define HAVE_STDINT_H 1
#define HAVE_UNISTD_H 1
#define HAVE_DLFCN_H 1
#define LT_OBJDIR ".libs/"
#define HAVE__HOME_NILS_DOKUMENTE_ASPA_NIST_BGP_SRX_LOCAL_6_3_3_INCLUDE_SRX_SRXCRYPTOAPI_H 1
#define _REENTRANT /**/
#define HAVE_ASSERT_H 1
#define HAVE_CTYPE_H 1
#define HAVE_DLFCN_H 1
#define HAVE_ERRNO_H 1
#define HAVE_FCNTL_H 1
#define HAVE_GETOPT_H 1
#define HAVE_MALLOC_H 1
#define HAVE_NETDB_H 1
#define HAVE_PATRICIA_H 1
#define HAVE_PTHREAD_H 1
#define HAVE_SEMAPHORE_H 1
#define HAVE_SIGNAL_H 1
#define HAVE_STDARG_H 1
#define HAVE_STDBOOL_H 1
#define HAVE_STDINT_H 1
#define HAVE_STDIO_H 1
#define HAVE_STDLIB_H 1
#define HAVE_STRING_H 1
#define HAVE_SYSLOG_H 1
#define HAVE_TIME_H 1
#define HAVE_UNISTD_H 1
#define HAVE_UTHASH_H 1
#define HAVE_ARPA_INET_H 1
#define HAVE_NETINET_IN_H 1
#define HAVE_NETINET_TCP_H 1
#define HAVE_READLINE_HISTORY_H 1
#define HAVE_READLINE_READLINE_H 1
#define HAVE_SYS_SOCKET_H 1
#define HAVE_SYS_TIME_H 1
#define HAVE_SYS_TYPES_H 1
#define HAVE_SYS_UN_H 1
#define HAVE__BOOL 1
#define HAVE_STDBOOL_H 1

configure: exit 0

## ---------------------- ##
## Running config.status. ##
## ---------------------- ##

This file was extended by SRx config.status 0.6.2.1, which was
generated by GNU Autoconf 2.69.  Invocation command line was

  CONFIG_FILES    = 
  CONFIG_HEADERS  = 
  CONFIG_LINKS    = 
  CONFIG_COMMANDS = 
  $ ./config.status Makefile depfiles

on nils-VirtualBox

config.status:1158: creating Makefile
config.status:1387: executing depfiles commands
config.status:1464: cd .       && sed -e '/# am--include-marker/d' Makefile         | make -f - am--depfiles
make[2]: Entering directory '/home/nils/Dokumente/ASPA/NIST-BGP-SRx/srx-server/src'
make[2]: warning: jobserver unavailable: using -j1.  Add '+' to parent make rule.
make[2]: Nothing to be done for 'am--depfiles'.
make[2]: Leaving directory '/home/nils/Dokumente/ASPA/NIST-BGP-SRx/srx-server/src'
config.status:1469: $? = 0
